TpTrace Verbose: 0 : 28420, 1, 2024/10/22, 00:34:38.480, 494185497560, vstest.console.dll, Version: 17.11.0-release-24352-05 Current process architecture: X64
TpTrace Verbose: 0 : 28420, 1, 2024/10/22, 00:34:38.482, 494185522476, vstest.console.dll, Runtime location: C:\Program Files\dotnet\shared\Microsoft.NETCore.App\8.0.10
TpTrace Verbose: 0 : 28420, 1, 2024/10/22, 00:34:38.486, 494185563463, vstest.console.dll, ArtifactProcessingPostProcessModeProcessorExecutor.Initialize: ArtifactProcessingMode.Collect
TpTrace Verbose: 0 : 28420, 1, 2024/10/22, 00:34:38.486, 494185564784, vstest.console.dll, TestSessionCorrelationIdProcessorModeProcessorExecutor.Initialize: TestSessionCorrelationId '29260_e79359ea-0b96-4720-956a-2c104436245f'
TpTrace Information: 0 : 28420, 1, 2024/10/22, 00:34:38.495, 494185656425, vstest.console.dll, FilePatternParser: The given file D:\BidApp\BidRestAPI\BidRestApiTests\bin\Debug\net8.0\fine-code-coverage\build-output\BidRestApiTests.dll is a full path.
TpTrace Verbose: 0 : 28420, 1, 2024/10/22, 00:34:38.505, 494185749802, vstest.console.dll, TestPluginCache.DiscoverTestExtensions: finding test extensions in assemblies ends with: RuntimeProvider.dll TPluginInfo: Microsoft.VisualStudio.TestPlatform.Common.ExtensionFramework.Utilities.TestRuntimePluginInformation TExtension: Microsoft.VisualStudio.TestPlatform.ObjectModel.Host.ITestRuntimeProvider
TpTrace Verbose: 0 : 28420, 1, 2024/10/22, 00:34:38.505, 494185752813, vstest.console.dll, TestPluginCache.GetExtensionPaths: Filtered extension paths: 
TpTrace Verbose: 0 : 28420, 1, 2024/10/22, 00:34:38.505, 494185753554, vstest.console.dll, TestPluginCache.GetExtensionPaths: Added default extension paths: C:\Program Files\dotnet\sdk\8.0.400\Extensions\Microsoft.Diagnostics.NETCore.Client.dll
C:\Program Files\dotnet\sdk\8.0.400\Extensions\Microsoft.TestPlatform.Extensions.BlameDataCollector.dll
C:\Program Files\dotnet\sdk\8.0.400\Extensions\Microsoft.TestPlatform.Extensions.EventLogCollector.dll
C:\Program Files\dotnet\sdk\8.0.400\Extensions\Microsoft.TestPlatform.TestHostRuntimeProvider.dll
C:\Program Files\dotnet\sdk\8.0.400\Extensions\Microsoft.VisualStudio.TestPlatform.Extensions.Html.TestLogger.dll
C:\Program Files\dotnet\sdk\8.0.400\Extensions\Microsoft.VisualStudio.TestPlatform.Extensions.Trx.TestLogger.dll
TpTrace Verbose: 0 : 28420, 1, 2024/10/22, 00:34:38.505, 494185753851, vstest.console.dll, TestPluginCache.GetExtensionPaths: Added unfilterableExtensionPaths: 
TpTrace Information: 0 : 28420, 1, 2024/10/22, 00:34:38.506, 494185758095, vstest.console.dll, AssemblyResolver.ctor: Creating AssemblyResolver with searchDirectories C:\Program Files\dotnet\sdk\8.0.400\Extensions,C:\Program Files\dotnet\sdk\8.0.400
TpTrace Verbose: 0 : 28420, 1, 2024/10/22, 00:34:38.510, 494185799937, vstest.console.dll, TestPluginCache.DiscoverTestExtensions: Discovering the extensions using extension path.
TpTrace Verbose: 0 : 28420, 1, 2024/10/22, 00:34:38.510, 494185801295, vstest.console.dll, TestPluginCache.GetExtensionPaths: Filtered extension paths: 
TpTrace Verbose: 0 : 28420, 1, 2024/10/22, 00:34:38.510, 494185801660, vstest.console.dll, TestPluginCache.GetExtensionPaths: Added default extension paths: C:\Program Files\dotnet\sdk\8.0.400\Extensions\Microsoft.Diagnostics.NETCore.Client.dll
C:\Program Files\dotnet\sdk\8.0.400\Extensions\Microsoft.TestPlatform.Extensions.BlameDataCollector.dll
C:\Program Files\dotnet\sdk\8.0.400\Extensions\Microsoft.TestPlatform.Extensions.EventLogCollector.dll
C:\Program Files\dotnet\sdk\8.0.400\Extensions\Microsoft.TestPlatform.TestHostRuntimeProvider.dll
C:\Program Files\dotnet\sdk\8.0.400\Extensions\Microsoft.VisualStudio.TestPlatform.Extensions.Html.TestLogger.dll
C:\Program Files\dotnet\sdk\8.0.400\Extensions\Microsoft.VisualStudio.TestPlatform.Extensions.Trx.TestLogger.dll
TpTrace Verbose: 0 : 28420, 1, 2024/10/22, 00:34:38.510, 494185802006, vstest.console.dll, TestPluginCache.GetExtensionPaths: Added unfilterableExtensionPaths: 
TpTrace Verbose: 0 : 28420, 1, 2024/10/22, 00:34:38.510, 494185802496, vstest.console.dll, TestPluginCache.DiscoverTestExtensions: Discovering the extensions using allExtensionPaths: C:\Program Files\dotnet\sdk\8.0.400\Extensions\Microsoft.Diagnostics.NETCore.Client.dll
C:\Program Files\dotnet\sdk\8.0.400\Extensions\Microsoft.TestPlatform.Extensions.BlameDataCollector.dll
C:\Program Files\dotnet\sdk\8.0.400\Extensions\Microsoft.TestPlatform.Extensions.EventLogCollector.dll
C:\Program Files\dotnet\sdk\8.0.400\Extensions\Microsoft.TestPlatform.TestHostRuntimeProvider.dll
C:\Program Files\dotnet\sdk\8.0.400\Extensions\Microsoft.VisualStudio.TestPlatform.Extensions.Html.TestLogger.dll
C:\Program Files\dotnet\sdk\8.0.400\Extensions\Microsoft.VisualStudio.TestPlatform.Extensions.Trx.TestLogger.dll
TpTrace Information: 0 : 28420, 1, 2024/10/22, 00:34:38.510, 494185803728, vstest.console.dll, AssemblyResolver.AddSearchDirectories: Adding more searchDirectories C:\Program Files\dotnet\sdk\8.0.400\Extensions,C:\Program Files\dotnet\sdk\8.0.400
TpTrace Information: 0 : 28420, 1, 2024/10/22, 00:34:38.510, 494185804142, vstest.console.dll, AssemblyResolver.AddSearchDirectories: Adding more searchDirectories C:\Program Files\dotnet\sdk\8.0.400\Extensions,C:\Program Files\dotnet\sdk\8.0.400
TpTrace Information: 0 : 28420, 1, 2024/10/22, 00:34:38.510, 494185804446, vstest.console.dll, AssemblyResolver.AddSearchDirectories: Adding more searchDirectories C:\Program Files\dotnet\sdk\8.0.400\Extensions,C:\Program Files\dotnet\sdk\8.0.400
TpTrace Information: 0 : 28420, 1, 2024/10/22, 00:34:38.510, 494185804691, vstest.console.dll, AssemblyResolver.AddSearchDirectories: Adding more searchDirectories C:\Program Files\dotnet\sdk\8.0.400\Extensions,C:\Program Files\dotnet\sdk\8.0.400
TpTrace Information: 0 : 28420, 1, 2024/10/22, 00:34:38.510, 494185804934, vstest.console.dll, AssemblyResolver.AddSearchDirectories: Adding more searchDirectories C:\Program Files\dotnet\sdk\8.0.400\Extensions,C:\Program Files\dotnet\sdk\8.0.400
TpTrace Information: 0 : 28420, 1, 2024/10/22, 00:34:38.510, 494185805175, vstest.console.dll, AssemblyResolver.AddSearchDirectories: Adding more searchDirectories C:\Program Files\dotnet\sdk\8.0.400\Extensions,C:\Program Files\dotnet\sdk\8.0.400
TpTrace Information: 0 : 28420, 1, 2024/10/22, 00:34:38.511, 494185809139, vstest.console.dll, AssemblyResolver.OnResolve: Microsoft.Diagnostics.NETCore.Client: Resolving assembly.
TpTrace Information: 0 : 28420, 1, 2024/10/22, 00:34:38.511, 494185809774, vstest.console.dll, AssemblyResolver.OnResolve: Microsoft.Diagnostics.NETCore.Client: Searching in: 'C:\Program Files\dotnet\sdk\8.0.400\Extensions'.
TpTrace Information: 0 : 28420, 1, 2024/10/22, 00:34:38.526, 494185959050, vstest.console.dll, AssemblyResolver.OnResolve: Microsoft.Diagnostics.NETCore.Client: Loading assembly 'C:\Program Files\dotnet\sdk\8.0.400\Extensions\Microsoft.Diagnostics.NETCore.Client.dll'.
TpTrace Information: 0 : 28420, 1, 2024/10/22, 00:34:38.528, 494185977782, vstest.console.dll, AssemblyResolver.OnResolve: Resolved assembly: Microsoft.Diagnostics.NETCore.Client, from path: C:\Program Files\dotnet\sdk\8.0.400\Extensions\Microsoft.Diagnostics.NETCore.Client.dll
TpTrace Verbose: 0 : 28420, 1, 2024/10/22, 00:34:38.531, 494186015821, vstest.console.dll, MetadataReaderExtensionsHelper: Discovering extensions inside assembly 'Microsoft.Diagnostics.NETCore.Client, Version=0.2.10.30701, Culture=neutral, PublicKeyToken=31bf3856ad364e35' file path 'C:\Program Files\dotnet\sdk\8.0.400\Extensions\Microsoft.Diagnostics.NETCore.Client.dll'
TpTrace Information: 0 : 28420, 1, 2024/10/22, 00:34:38.542, 494186117498, vstest.console.dll, AssemblyResolver.OnResolve: Microsoft.Bcl.AsyncInterfaces: Resolving assembly.
TpTrace Information: 0 : 28420, 1, 2024/10/22, 00:34:38.542, 494186118744, vstest.console.dll, AssemblyResolver.OnResolve: Microsoft.Bcl.AsyncInterfaces: Searching in: 'C:\Program Files\dotnet\sdk\8.0.400\Extensions'.
TpTrace Information: 0 : 28420, 1, 2024/10/22, 00:34:38.542, 494186119929, vstest.console.dll, AssemblyResolver.OnResolve: Microsoft.Bcl.AsyncInterfaces: Assembly path does not exist: 'C:\Program Files\dotnet\sdk\8.0.400\Extensions\Microsoft.Bcl.AsyncInterfaces.dll', returning.
TpTrace Information: 0 : 28420, 1, 2024/10/22, 00:34:38.542, 494186121389, vstest.console.dll, AssemblyResolver.OnResolve: Microsoft.Bcl.AsyncInterfaces: Assembly path does not exist: 'C:\Program Files\dotnet\sdk\8.0.400\Extensions\Microsoft.Bcl.AsyncInterfaces.exe', returning.
TpTrace Information: 0 : 28420, 1, 2024/10/22, 00:34:38.542, 494186122107, vstest.console.dll, AssemblyResolver.OnResolve: Microsoft.Bcl.AsyncInterfaces: Searching in: 'C:\Program Files\dotnet\sdk\8.0.400'.
TpTrace Information: 0 : 28420, 1, 2024/10/22, 00:34:38.542, 494186123024, vstest.console.dll, AssemblyResolver.OnResolve: Microsoft.Bcl.AsyncInterfaces: Assembly path does not exist: 'C:\Program Files\dotnet\sdk\8.0.400\Microsoft.Bcl.AsyncInterfaces.dll', returning.
TpTrace Information: 0 : 28420, 1, 2024/10/22, 00:34:38.542, 494186123844, vstest.console.dll, AssemblyResolver.OnResolve: Microsoft.Bcl.AsyncInterfaces: Assembly path does not exist: 'C:\Program Files\dotnet\sdk\8.0.400\Microsoft.Bcl.AsyncInterfaces.exe', returning.
TpTrace Information: 0 : 28420, 1, 2024/10/22, 00:34:38.542, 494186124796, vstest.console.dll, AssemblyResolver.OnResolve: Microsoft.Bcl.AsyncInterfaces: Failed to load assembly.
TpTrace Verbose: 0 : 28420, 1, 2024/10/22, 00:34:38.542, 494186125513, vstest.console.dll, CurrentDomainAssemblyResolve: Resolving assembly 'Microsoft.Bcl.AsyncInterfaces'.
TpTrace Information: 0 : 28420, 1, 2024/10/22, 00:34:38.542, 494186126061, vstest.console.dll, AssemblyResolver.OnResolve: Microsoft.Bcl.AsyncInterfaces: Resolving assembly.
TpTrace Information: 0 : 28420, 1, 2024/10/22, 00:34:38.542, 494186126490, vstest.console.dll, AssemblyResolver.OnResolve: Microsoft.Bcl.AsyncInterfaces: Resolved from cache.
TpTrace Verbose: 0 : 28420, 1, 2024/10/22, 00:34:38.542, 494186126728, vstest.console.dll, CurrentDomainAssemblyResolve: Resolving assembly 'Microsoft.Bcl.AsyncInterfaces'.
TpTrace Verbose: 0 : 28420, 1, 2024/10/22, 00:34:38.543, 494186127011, vstest.console.dll, CurrentDomainAssemblyResolve: Failed to resolve assembly 'Microsoft.Bcl.AsyncInterfaces'.
TpTrace Verbose: 0 : 28420, 1, 2024/10/22, 00:34:38.544, 494186145429, vstest.console.dll, CurrentDomainAssemblyResolve: Failed to resolve assembly 'Microsoft.Bcl.AsyncInterfaces'.
TpTrace Warning: 0 : 28420, 1, 2024/10/22, 00:34:38.560, 494186304270, vstest.console.dll, TestPluginDiscoverer: Failed to get types from assembly 'Microsoft.Diagnostics.NETCore.Client, Version=0.2.10.30701, Culture=neutral, PublicKeyToken=31bf3856ad364e35'. Error: System.Reflection.ReflectionTypeLoadException: Unable to load one or more of the requested types.
Could not load file or assembly 'Microsoft.Bcl.AsyncInterfaces, Version=6.0.0.0, Culture=neutral, PublicKeyToken=cc7b13ffcd2ddd51'. The system cannot find the file specified.
   at System.Reflection.RuntimeModule.GetTypes(RuntimeModule module)
   at System.Reflection.RuntimeModule.GetTypes()
   at Microsoft.VisualStudio.TestPlatform.Common.ExtensionFramework.TestPluginDiscoverer.GetTestExtensionsFromAssembly[TPluginInfo,TExtension](Assembly assembly, Dictionary`2 pluginInfos, String filePath) in /_/src/Microsoft.TestPlatform.Common/ExtensionFramework/TestPluginDiscoverer.cs:line 158
System.IO.FileNotFoundException: Could not load file or assembly 'Microsoft.Bcl.AsyncInterfaces, Version=6.0.0.0, Culture=neutral, PublicKeyToken=cc7b13ffcd2ddd51'. The system cannot find the file specified.
File name: 'Microsoft.Bcl.AsyncInterfaces, Version=6.0.0.0, Culture=neutral, PublicKeyToken=cc7b13ffcd2ddd51'
 ---> System.IO.FileNotFoundException: Could not load file or assembly 'Microsoft.Bcl.AsyncInterfaces, Culture=neutral, PublicKeyToken=null'. The system cannot find the file specified.
File name: 'Microsoft.Bcl.AsyncInterfaces, Culture=neutral, PublicKeyToken=null'
   at System.Reflection.RuntimeAssembly.InternalLoad(AssemblyName assemblyName, StackCrawlMark& stackMark, AssemblyLoadContext assemblyLoadContext, RuntimeAssembly requestingAssembly, Boolean throwOnFileNotFound)
   at System.Reflection.Assembly.Load(AssemblyName assemblyRef)
   at Microsoft.VisualStudio.TestPlatform.Common.ExtensionFramework.TestPluginCache.CurrentDomainAssemblyResolve(Object sender, AssemblyResolveEventArgs args) in /_/src/Microsoft.TestPlatform.Common/ExtensionFramework/TestPluginCache.cs:line 513
   at System.Runtime.Loader.AssemblyLoadContext.GetFirstResolvedAssemblyFromResolvingEvent(AssemblyName assemblyName)
   at System.Runtime.Loader.AssemblyLoadContext.ResolveUsingEvent(AssemblyName assemblyName)
   at System.Runtime.Loader.AssemblyLoadContext.ResolveUsingResolvingEvent(IntPtr gchManagedAssemblyLoadContext, AssemblyName assemblyName)
TpTrace Warning: 0 : 28420, 1, 2024/10/22, 00:34:38.561, 494186307379, vstest.console.dll, LoaderExceptions: System.IO.FileNotFoundException: Could not load file or assembly 'Microsoft.Bcl.AsyncInterfaces, Version=6.0.0.0, Culture=neutral, PublicKeyToken=cc7b13ffcd2ddd51'. The system cannot find the file specified.
File name: 'Microsoft.Bcl.AsyncInterfaces, Version=6.0.0.0, Culture=neutral, PublicKeyToken=cc7b13ffcd2ddd51'
 ---> System.IO.FileNotFoundException: Could not load file or assembly 'Microsoft.Bcl.AsyncInterfaces, Culture=neutral, PublicKeyToken=null'. The system cannot find the file specified.
File name: 'Microsoft.Bcl.AsyncInterfaces, Culture=neutral, PublicKeyToken=null'
   at System.Reflection.RuntimeAssembly.InternalLoad(AssemblyName assemblyName, StackCrawlMark& stackMark, AssemblyLoadContext assemblyLoadContext, RuntimeAssembly requestingAssembly, Boolean throwOnFileNotFound)
   at System.Reflection.Assembly.Load(AssemblyName assemblyRef)
   at Microsoft.VisualStudio.TestPlatform.Common.ExtensionFramework.TestPluginCache.CurrentDomainAssemblyResolve(Object sender, AssemblyResolveEventArgs args) in /_/src/Microsoft.TestPlatform.Common/ExtensionFramework/TestPluginCache.cs:line 513
   at System.Runtime.Loader.AssemblyLoadContext.GetFirstResolvedAssemblyFromResolvingEvent(AssemblyName assemblyName)
   at System.Runtime.Loader.AssemblyLoadContext.ResolveUsingEvent(AssemblyName assemblyName)
   at System.Runtime.Loader.AssemblyLoadContext.ResolveUsingResolvingEvent(IntPtr gchManagedAssemblyLoadContext, AssemblyName assemblyName)
TpTrace Information: 0 : 28420, 1, 2024/10/22, 00:34:38.561, 494186308582, vstest.console.dll, AssemblyResolver.OnResolve: Microsoft.TestPlatform.Extensions.BlameDataCollector: Resolving assembly.
TpTrace Information: 0 : 28420, 1, 2024/10/22, 00:34:38.561, 494186308927, vstest.console.dll, AssemblyResolver.OnResolve: Microsoft.TestPlatform.Extensions.BlameDataCollector: Searching in: 'C:\Program Files\dotnet\sdk\8.0.400\Extensions'.
TpTrace Information: 0 : 28420, 1, 2024/10/22, 00:34:38.562, 494186322069, vstest.console.dll, AssemblyResolver.OnResolve: Microsoft.TestPlatform.Extensions.BlameDataCollector: Loading assembly 'C:\Program Files\dotnet\sdk\8.0.400\Extensions\Microsoft.TestPlatform.Extensions.BlameDataCollector.dll'.
TpTrace Information: 0 : 28420, 1, 2024/10/22, 00:34:38.564, 494186340544, vstest.console.dll, AssemblyResolver.OnResolve: Resolved assembly: Microsoft.TestPlatform.Extensions.BlameDataCollector, from path: C:\Program Files\dotnet\sdk\8.0.400\Extensions\Microsoft.TestPlatform.Extensions.BlameDataCollector.dll
TpTrace Verbose: 0 : 28420, 1, 2024/10/22, 00:34:38.564, 494186341624, vstest.console.dll, MetadataReaderExtensionsHelper: Discovering extensions inside assembly 'Microsoft.TestPlatform.Extensions.BlameDataCollector, Version=15.0.0.0, Culture=neutral, PublicKeyToken=b03f5f7f11d50a3a' file path 'C:\Program Files\dotnet\sdk\8.0.400\Extensions\Microsoft.TestPlatform.Extensions.BlameDataCollector.dll'
TpTrace Information: 0 : 28420, 1, 2024/10/22, 00:34:38.566, 494186361106, vstest.console.dll, AssemblyResolver.OnResolve: Microsoft.TestPlatform.Extensions.EventLogCollector: Resolving assembly.
TpTrace Information: 0 : 28420, 1, 2024/10/22, 00:34:38.566, 494186361838, vstest.console.dll, AssemblyResolver.OnResolve: Microsoft.TestPlatform.Extensions.EventLogCollector: Searching in: 'C:\Program Files\dotnet\sdk\8.0.400\Extensions'.
TpTrace Information: 0 : 28420, 1, 2024/10/22, 00:34:38.567, 494186372270, vstest.console.dll, AssemblyResolver.OnResolve: Microsoft.TestPlatform.Extensions.EventLogCollector: Loading assembly 'C:\Program Files\dotnet\sdk\8.0.400\Extensions\Microsoft.TestPlatform.Extensions.EventLogCollector.dll'.
TpTrace Information: 0 : 28420, 1, 2024/10/22, 00:34:38.569, 494186390545, vstest.console.dll, AssemblyResolver.OnResolve: Resolved assembly: Microsoft.TestPlatform.Extensions.EventLogCollector, from path: C:\Program Files\dotnet\sdk\8.0.400\Extensions\Microsoft.TestPlatform.Extensions.EventLogCollector.dll
TpTrace Verbose: 0 : 28420, 1, 2024/10/22, 00:34:38.569, 494186391362, vstest.console.dll, MetadataReaderExtensionsHelper: Discovering extensions inside assembly 'Microsoft.TestPlatform.Extensions.EventLogCollector, Version=15.0.0.0, Culture=neutral, PublicKeyToken=b03f5f7f11d50a3a' file path 'C:\Program Files\dotnet\sdk\8.0.400\Extensions\Microsoft.TestPlatform.Extensions.EventLogCollector.dll'
TpTrace Information: 0 : 28420, 1, 2024/10/22, 00:34:38.577, 494186473947, vstest.console.dll, AssemblyResolver.OnResolve: Microsoft.TestPlatform.TestHostRuntimeProvider: Resolving assembly.
TpTrace Information: 0 : 28420, 1, 2024/10/22, 00:34:38.577, 494186475321, vstest.console.dll, AssemblyResolver.OnResolve: Microsoft.TestPlatform.TestHostRuntimeProvider: Searching in: 'C:\Program Files\dotnet\sdk\8.0.400\Extensions'.
TpTrace Information: 0 : 28420, 1, 2024/10/22, 00:34:38.579, 494186489392, vstest.console.dll, AssemblyResolver.OnResolve: Microsoft.TestPlatform.TestHostRuntimeProvider: Loading assembly 'C:\Program Files\dotnet\sdk\8.0.400\Extensions\Microsoft.TestPlatform.TestHostRuntimeProvider.dll'.
TpTrace Information: 0 : 28420, 1, 2024/10/22, 00:34:38.581, 494186514687, vstest.console.dll, AssemblyResolver.OnResolve: Resolved assembly: Microsoft.TestPlatform.TestHostRuntimeProvider, from path: C:\Program Files\dotnet\sdk\8.0.400\Extensions\Microsoft.TestPlatform.TestHostRuntimeProvider.dll
TpTrace Verbose: 0 : 28420, 1, 2024/10/22, 00:34:38.581, 494186515811, vstest.console.dll, MetadataReaderExtensionsHelper: Discovering extensions inside assembly 'Microsoft.TestPlatform.TestHostRuntimeProvider, Version=15.0.0.0, Culture=neutral, PublicKeyToken=b03f5f7f11d50a3a' file path 'C:\Program Files\dotnet\sdk\8.0.400\Extensions\Microsoft.TestPlatform.TestHostRuntimeProvider.dll'
TpTrace Information: 0 : 28420, 1, 2024/10/22, 00:34:38.583, 494186535913, vstest.console.dll, GetTestExtensionFromType: Register extension with identifier data 'HostProvider://DefaultTestHost' and type 'Microsoft.VisualStudio.TestPlatform.CrossPlatEngine.Hosting.DefaultTestHostManager, Microsoft.TestPlatform.TestHostRuntimeProvider, Version=15.0.0.0, Culture=neutral, PublicKeyToken=b03f5f7f11d50a3a' inside file 'C:\Program Files\dotnet\sdk\8.0.400\Extensions\Microsoft.TestPlatform.TestHostRuntimeProvider.dll'
TpTrace Information: 0 : 28420, 1, 2024/10/22, 00:34:38.584, 494186538262, vstest.console.dll, GetTestExtensionFromType: Register extension with identifier data 'HostProvider://DotnetTestHost' and type 'Microsoft.VisualStudio.TestPlatform.CrossPlatEngine.Hosting.DotnetTestHostManager, Microsoft.TestPlatform.TestHostRuntimeProvider, Version=15.0.0.0, Culture=neutral, PublicKeyToken=b03f5f7f11d50a3a' inside file 'C:\Program Files\dotnet\sdk\8.0.400\Extensions\Microsoft.TestPlatform.TestHostRuntimeProvider.dll'
TpTrace Information: 0 : 28420, 1, 2024/10/22, 00:34:38.584, 494186539017, vstest.console.dll, AssemblyResolver.OnResolve: Microsoft.VisualStudio.TestPlatform.Extensions.Html.TestLogger: Resolving assembly.
TpTrace Information: 0 : 28420, 1, 2024/10/22, 00:34:38.584, 494186539360, vstest.console.dll, AssemblyResolver.OnResolve: Microsoft.VisualStudio.TestPlatform.Extensions.Html.TestLogger: Searching in: 'C:\Program Files\dotnet\sdk\8.0.400\Extensions'.
TpTrace Information: 0 : 28420, 1, 2024/10/22, 00:34:38.585, 494186548749, vstest.console.dll, AssemblyResolver.OnResolve: Microsoft.VisualStudio.TestPlatform.Extensions.Html.TestLogger: Loading assembly 'C:\Program Files\dotnet\sdk\8.0.400\Extensions\Microsoft.VisualStudio.TestPlatform.Extensions.Html.TestLogger.dll'.
TpTrace Information: 0 : 28420, 1, 2024/10/22, 00:34:38.587, 494186568788, vstest.console.dll, AssemblyResolver.OnResolve: Resolved assembly: Microsoft.VisualStudio.TestPlatform.Extensions.Html.TestLogger, from path: C:\Program Files\dotnet\sdk\8.0.400\Extensions\Microsoft.VisualStudio.TestPlatform.Extensions.Html.TestLogger.dll
TpTrace Verbose: 0 : 28420, 1, 2024/10/22, 00:34:38.587, 494186569931, vstest.console.dll, MetadataReaderExtensionsHelper: Discovering extensions inside assembly 'Microsoft.VisualStudio.TestPlatform.Extensions.Html.TestLogger, Version=15.0.0.0, Culture=neutral, PublicKeyToken=b03f5f7f11d50a3a' file path 'C:\Program Files\dotnet\sdk\8.0.400\Extensions\Microsoft.VisualStudio.TestPlatform.Extensions.Html.TestLogger.dll'
TpTrace Information: 0 : 28420, 1, 2024/10/22, 00:34:38.589, 494186589694, vstest.console.dll, AssemblyResolver.OnResolve: Microsoft.VisualStudio.TestPlatform.Extensions.Trx.TestLogger: Resolving assembly.
TpTrace Information: 0 : 28420, 1, 2024/10/22, 00:34:38.589, 494186590921, vstest.console.dll, AssemblyResolver.OnResolve: Microsoft.VisualStudio.TestPlatform.Extensions.Trx.TestLogger: Searching in: 'C:\Program Files\dotnet\sdk\8.0.400\Extensions'.
TpTrace Information: 0 : 28420, 1, 2024/10/22, 00:34:38.590, 494186605381, vstest.console.dll, AssemblyResolver.OnResolve: Microsoft.VisualStudio.TestPlatform.Extensions.Trx.TestLogger: Loading assembly 'C:\Program Files\dotnet\sdk\8.0.400\Extensions\Microsoft.VisualStudio.TestPlatform.Extensions.Trx.TestLogger.dll'.
TpTrace Information: 0 : 28420, 1, 2024/10/22, 00:34:38.593, 494186627228, vstest.console.dll, AssemblyResolver.OnResolve: Resolved assembly: Microsoft.VisualStudio.TestPlatform.Extensions.Trx.TestLogger, from path: C:\Program Files\dotnet\sdk\8.0.400\Extensions\Microsoft.VisualStudio.TestPlatform.Extensions.Trx.TestLogger.dll
TpTrace Verbose: 0 : 28420, 1, 2024/10/22, 00:34:38.593, 494186628273, vstest.console.dll, MetadataReaderExtensionsHelper: Discovering extensions inside assembly 'Microsoft.VisualStudio.TestPlatform.Extensions.Trx.TestLogger, Version=15.0.0.0, Culture=neutral, PublicKeyToken=b03f5f7f11d50a3a' file path 'C:\Program Files\dotnet\sdk\8.0.400\Extensions\Microsoft.VisualStudio.TestPlatform.Extensions.Trx.TestLogger.dll'
TpTrace Verbose: 0 : 28420, 1, 2024/10/22, 00:34:38.595, 494186652397, vstest.console.dll, TestPluginCache: Discovered the extensions using extension path ''.
TpTrace Verbose: 0 : 28420, 1, 2024/10/22, 00:34:38.595, 494186653729, vstest.console.dll, TestPluginCache: Discoverers are ''.
TpTrace Verbose: 0 : 28420, 1, 2024/10/22, 00:34:38.595, 494186654227, vstest.console.dll, TestPluginCache: Executors are ''.
TpTrace Verbose: 0 : 28420, 1, 2024/10/22, 00:34:38.595, 494186654846, vstest.console.dll, TestPluginCache: Executors2 are ''.
TpTrace Verbose: 0 : 28420, 1, 2024/10/22, 00:34:38.595, 494186655280, vstest.console.dll, TestPluginCache: Setting providers are ''.
TpTrace Verbose: 0 : 28420, 1, 2024/10/22, 00:34:38.595, 494186655703, vstest.console.dll, TestPluginCache: Loggers are ''.
TpTrace Verbose: 0 : 28420, 1, 2024/10/22, 00:34:38.596, 494186658094, vstest.console.dll, TestPluginCache: TestHosts are 'HostProvider://DefaultTestHost,HostProvider://DotnetTestHost'.
TpTrace Verbose: 0 : 28420, 1, 2024/10/22, 00:34:38.596, 494186658732, vstest.console.dll, TestPluginCache: DataCollectors are ''.
TpTrace Information: 0 : 28420, 1, 2024/10/22, 00:34:38.619, 494186892955, vstest.console.dll, RunTestsArgumentProcessor:Execute: Test run is starting.
TpTrace Verbose: 0 : 28420, 1, 2024/10/22, 00:34:38.619, 494186893904, vstest.console.dll, RunTestsArgumentProcessor:Execute: Queuing Test run.
TpTrace Information: 0 : 28420, 1, 2024/10/22, 00:34:38.619, 494186896306, vstest.console.dll, TestRequestManager.RunTests: run tests started.
TpTrace Information: 0 : 28420, 1, 2024/10/22, 00:34:38.622, 494186918858, vstest.console.dll, AssemblyMetadataProvider.GetFrameworkName: Determined framework:'.NETCoreApp,Version=v8.0' for source: 'D:\BidApp\BidRestAPI\BidRestApiTests\bin\Debug\net8.0\fine-code-coverage\build-output\BidRestApiTests.dll'
TpTrace Information: 0 : 28420, 1, 2024/10/22, 00:34:38.622, 494186920550, vstest.console.dll, Determined framework for all sources: .NETCoreApp,Version=v8.0
TpTrace Verbose: 0 : 28420, 1, 2024/10/22, 00:34:38.622, 494186923402, vstest.console.dll, TestRequestManager.UpdateRunSettingsIfRequired: Default architecture: X64 IsDefaultTargetArchitecture: True, Current process architecture: X64 OperatingSystem: Windows.
TpTrace Information: 0 : 28420, 1, 2024/10/22, 00:34:38.627, 494186967116, vstest.console.dll, AssemblyMetadataProvider.GetArchitecture: Determined architecture:AnyCPU info for assembly: D:\BidApp\BidRestAPI\BidRestApiTests\bin\Debug\net8.0\fine-code-coverage\build-output\BidRestApiTests.dll
TpTrace Information: 0 : 28420, 1, 2024/10/22, 00:34:38.627, 494186968021, vstest.console.dll, Determined platform for source 'D:\BidApp\BidRestAPI\BidRestApiTests\bin\Debug\net8.0\fine-code-coverage\build-output\BidRestApiTests.dll' was AnyCPU and it will use the default plaform X64.
TpTrace Information: 0 : 28420, 1, 2024/10/22, 00:34:38.627, 494186968305, vstest.console.dll, None of the sources provided any runnable platform, using the default platform: X64
TpTrace Information: 0 : 28420, 1, 2024/10/22, 00:34:38.627, 494186969255, vstest.console.dll, Platform was updated to 'X64'.
TpTrace Information: 0 : 28420, 1, 2024/10/22, 00:34:38.629, 494186995304, vstest.console.dll, InferRunSettingsHelper.IsTestSettingsEnabled: Unable to navigate to RunSettings/MSTest. Current node: RunSettings
TpTrace Information: 0 : 28420, 1, 2024/10/22, 00:34:38.630, 494187000508, vstest.console.dll, AssemblyResolver.OnResolve: Microsoft.VisualStudio.TestPlatform.Fakes: Resolving assembly.
TpTrace Information: 0 : 28420, 1, 2024/10/22, 00:34:38.630, 494187001124, vstest.console.dll, AssemblyResolver.OnResolve: Microsoft.VisualStudio.TestPlatform.Fakes: Searching in: 'C:\Program Files\dotnet\sdk\8.0.400\Extensions'.
TpTrace Information: 0 : 28420, 1, 2024/10/22, 00:34:38.630, 494187002035, vstest.console.dll, AssemblyResolver.OnResolve: Microsoft.VisualStudio.TestPlatform.Fakes: Assembly path does not exist: 'C:\Program Files\dotnet\sdk\8.0.400\Extensions\Microsoft.VisualStudio.TestPlatform.Fakes.dll', returning.
TpTrace Information: 0 : 28420, 1, 2024/10/22, 00:34:38.630, 494187002510, vstest.console.dll, AssemblyResolver.OnResolve: Microsoft.VisualStudio.TestPlatform.Fakes: Assembly path does not exist: 'C:\Program Files\dotnet\sdk\8.0.400\Extensions\Microsoft.VisualStudio.TestPlatform.Fakes.exe', returning.
TpTrace Information: 0 : 28420, 1, 2024/10/22, 00:34:38.630, 494187002756, vstest.console.dll, AssemblyResolver.OnResolve: Microsoft.VisualStudio.TestPlatform.Fakes: Searching in: 'C:\Program Files\dotnet\sdk\8.0.400'.
TpTrace Information: 0 : 28420, 1, 2024/10/22, 00:34:38.630, 494187003212, vstest.console.dll, AssemblyResolver.OnResolve: Microsoft.VisualStudio.TestPlatform.Fakes: Assembly path does not exist: 'C:\Program Files\dotnet\sdk\8.0.400\Microsoft.VisualStudio.TestPlatform.Fakes.dll', returning.
TpTrace Information: 0 : 28420, 1, 2024/10/22, 00:34:38.630, 494187003661, vstest.console.dll, AssemblyResolver.OnResolve: Microsoft.VisualStudio.TestPlatform.Fakes: Assembly path does not exist: 'C:\Program Files\dotnet\sdk\8.0.400\Microsoft.VisualStudio.TestPlatform.Fakes.exe', returning.
TpTrace Information: 0 : 28420, 1, 2024/10/22, 00:34:38.630, 494187003904, vstest.console.dll, AssemblyResolver.OnResolve: Microsoft.VisualStudio.TestPlatform.Fakes: Failed to load assembly.
TpTrace Information: 0 : 28420, 1, 2024/10/22, 00:34:38.630, 494187005996, vstest.console.dll, Failed to load assembly Microsoft.VisualStudio.TestPlatform.Fakes, Version=17.0.0.0, Culture=neutral. Reason:System.IO.FileNotFoundException: Could not load file or assembly 'Microsoft.VisualStudio.TestPlatform.Fakes, Version=17.0.0.0, Culture=neutral, PublicKeyToken=null'. The system cannot find the file specified.
File name: 'Microsoft.VisualStudio.TestPlatform.Fakes, Version=17.0.0.0, Culture=neutral, PublicKeyToken=null'
   at System.Reflection.RuntimeAssembly.InternalLoad(AssemblyName assemblyName, StackCrawlMark& stackMark, AssemblyLoadContext assemblyLoadContext, RuntimeAssembly requestingAssembly, Boolean throwOnFileNotFound)
   at System.Reflection.Assembly.Load(AssemblyName assemblyRef)
   at Microsoft.VisualStudio.TestPlatform.Common.Utilities.FakesUtilities.LoadTestPlatformAssembly() in /_/src/Microsoft.TestPlatform.Common/Utilities/FakesUtilities.cs:line 272
TpTrace Verbose: 0 : 28420, 1, 2024/10/22, 00:34:38.634, 494187037785, vstest.console.dll, TestPluginCache.DiscoverTestExtensions: finding test extensions in assemblies ends with: TestLogger.dll TPluginInfo: Microsoft.VisualStudio.TestPlatform.Common.ExtensionFramework.Utilities.TestLoggerPluginInformation TExtension: Microsoft.VisualStudio.TestPlatform.ObjectModel.Client.ITestLogger
TpTrace Verbose: 0 : 28420, 1, 2024/10/22, 00:34:38.634, 494187038783, vstest.console.dll, TestPluginCache.GetExtensionPaths: Filtered extension paths: 
TpTrace Verbose: 0 : 28420, 1, 2024/10/22, 00:34:38.634, 494187039127, vstest.console.dll, TestPluginCache.GetExtensionPaths: Added default extension paths: C:\Program Files\dotnet\sdk\8.0.400\Extensions\Microsoft.Diagnostics.NETCore.Client.dll
C:\Program Files\dotnet\sdk\8.0.400\Extensions\Microsoft.TestPlatform.Extensions.BlameDataCollector.dll
C:\Program Files\dotnet\sdk\8.0.400\Extensions\Microsoft.TestPlatform.Extensions.EventLogCollector.dll
C:\Program Files\dotnet\sdk\8.0.400\Extensions\Microsoft.TestPlatform.TestHostRuntimeProvider.dll
C:\Program Files\dotnet\sdk\8.0.400\Extensions\Microsoft.VisualStudio.TestPlatform.Extensions.Html.TestLogger.dll
C:\Program Files\dotnet\sdk\8.0.400\Extensions\Microsoft.VisualStudio.TestPlatform.Extensions.Trx.TestLogger.dll
TpTrace Verbose: 0 : 28420, 1, 2024/10/22, 00:34:38.634, 494187039392, vstest.console.dll, TestPluginCache.GetExtensionPaths: Added unfilterableExtensionPaths: 
TpTrace Information: 0 : 28420, 1, 2024/10/22, 00:34:38.634, 494187040528, vstest.console.dll, AssemblyResolver.AddSearchDirectories: Adding more searchDirectories C:\Program Files\dotnet\sdk\8.0.400\Extensions,C:\Program Files\dotnet\sdk\8.0.400
TpTrace Verbose: 0 : 28420, 1, 2024/10/22, 00:34:38.634, 494187040881, vstest.console.dll, TestPluginCache.DiscoverTestExtensions: Discovering the extensions using extension path.
TpTrace Verbose: 0 : 28420, 1, 2024/10/22, 00:34:38.634, 494187041156, vstest.console.dll, TestPluginCache.GetExtensionPaths: Filtered extension paths: 
TpTrace Verbose: 0 : 28420, 1, 2024/10/22, 00:34:38.634, 494187041445, vstest.console.dll, TestPluginCache.GetExtensionPaths: Added default extension paths: C:\Program Files\dotnet\sdk\8.0.400\Extensions\Microsoft.Diagnostics.NETCore.Client.dll
C:\Program Files\dotnet\sdk\8.0.400\Extensions\Microsoft.TestPlatform.Extensions.BlameDataCollector.dll
C:\Program Files\dotnet\sdk\8.0.400\Extensions\Microsoft.TestPlatform.Extensions.EventLogCollector.dll
C:\Program Files\dotnet\sdk\8.0.400\Extensions\Microsoft.TestPlatform.TestHostRuntimeProvider.dll
C:\Program Files\dotnet\sdk\8.0.400\Extensions\Microsoft.VisualStudio.TestPlatform.Extensions.Html.TestLogger.dll
C:\Program Files\dotnet\sdk\8.0.400\Extensions\Microsoft.VisualStudio.TestPlatform.Extensions.Trx.TestLogger.dll
TpTrace Verbose: 0 : 28420, 1, 2024/10/22, 00:34:38.634, 494187041705, vstest.console.dll, TestPluginCache.GetExtensionPaths: Added unfilterableExtensionPaths: 
TpTrace Verbose: 0 : 28420, 1, 2024/10/22, 00:34:38.634, 494187042013, vstest.console.dll, TestPluginCache.DiscoverTestExtensions: Discovering the extensions using allExtensionPaths: C:\Program Files\dotnet\sdk\8.0.400\Extensions\Microsoft.Diagnostics.NETCore.Client.dll
C:\Program Files\dotnet\sdk\8.0.400\Extensions\Microsoft.TestPlatform.Extensions.BlameDataCollector.dll
C:\Program Files\dotnet\sdk\8.0.400\Extensions\Microsoft.TestPlatform.Extensions.EventLogCollector.dll
C:\Program Files\dotnet\sdk\8.0.400\Extensions\Microsoft.TestPlatform.TestHostRuntimeProvider.dll
C:\Program Files\dotnet\sdk\8.0.400\Extensions\Microsoft.VisualStudio.TestPlatform.Extensions.Html.TestLogger.dll
C:\Program Files\dotnet\sdk\8.0.400\Extensions\Microsoft.VisualStudio.TestPlatform.Extensions.Trx.TestLogger.dll
TpTrace Information: 0 : 28420, 1, 2024/10/22, 00:34:38.634, 494187042761, vstest.console.dll, AssemblyResolver.AddSearchDirectories: Adding more searchDirectories C:\Program Files\dotnet\sdk\8.0.400\Extensions,C:\Program Files\dotnet\sdk\8.0.400
TpTrace Information: 0 : 28420, 1, 2024/10/22, 00:34:38.634, 494187043028, vstest.console.dll, AssemblyResolver.AddSearchDirectories: Adding more searchDirectories C:\Program Files\dotnet\sdk\8.0.400\Extensions,C:\Program Files\dotnet\sdk\8.0.400
TpTrace Information: 0 : 28420, 1, 2024/10/22, 00:34:38.634, 494187043320, vstest.console.dll, AssemblyResolver.AddSearchDirectories: Adding more searchDirectories C:\Program Files\dotnet\sdk\8.0.400\Extensions,C:\Program Files\dotnet\sdk\8.0.400
TpTrace Information: 0 : 28420, 1, 2024/10/22, 00:34:38.634, 494187043559, vstest.console.dll, AssemblyResolver.AddSearchDirectories: Adding more searchDirectories C:\Program Files\dotnet\sdk\8.0.400\Extensions,C:\Program Files\dotnet\sdk\8.0.400
TpTrace Information: 0 : 28420, 1, 2024/10/22, 00:34:38.634, 494187043797, vstest.console.dll, AssemblyResolver.AddSearchDirectories: Adding more searchDirectories C:\Program Files\dotnet\sdk\8.0.400\Extensions,C:\Program Files\dotnet\sdk\8.0.400
TpTrace Information: 0 : 28420, 1, 2024/10/22, 00:34:38.634, 494187044082, vstest.console.dll, AssemblyResolver.AddSearchDirectories: Adding more searchDirectories C:\Program Files\dotnet\sdk\8.0.400\Extensions,C:\Program Files\dotnet\sdk\8.0.400
TpTrace Verbose: 0 : 28420, 1, 2024/10/22, 00:34:38.634, 494187044900, vstest.console.dll, MetadataReaderExtensionsHelper: Discovering extensions inside assembly 'Microsoft.Diagnostics.NETCore.Client, Version=0.2.10.30701, Culture=neutral, PublicKeyToken=31bf3856ad364e35' file path 'C:\Program Files\dotnet\sdk\8.0.400\Extensions\Microsoft.Diagnostics.NETCore.Client.dll'
TpTrace Information: 0 : 28420, 1, 2024/10/22, 00:34:38.636, 494187060699, vstest.console.dll, AssemblyResolver.OnResolve: Microsoft.Bcl.AsyncInterfaces: Resolving assembly.
TpTrace Information: 0 : 28420, 1, 2024/10/22, 00:34:38.636, 494187061465, vstest.console.dll, AssemblyResolver.OnResolve: Microsoft.Bcl.AsyncInterfaces: Resolved from cache.
TpTrace Verbose: 0 : 28420, 1, 2024/10/22, 00:34:38.636, 494187061742, vstest.console.dll, CurrentDomainAssemblyResolve: Resolving assembly 'Microsoft.Bcl.AsyncInterfaces'.
TpTrace Information: 0 : 28420, 1, 2024/10/22, 00:34:38.636, 494187062182, vstest.console.dll, AssemblyResolver.OnResolve: Microsoft.Bcl.AsyncInterfaces: Resolving assembly.
TpTrace Information: 0 : 28420, 1, 2024/10/22, 00:34:38.636, 494187062414, vstest.console.dll, AssemblyResolver.OnResolve: Microsoft.Bcl.AsyncInterfaces: Resolved from cache.
TpTrace Verbose: 0 : 28420, 1, 2024/10/22, 00:34:38.636, 494187062643, vstest.console.dll, CurrentDomainAssemblyResolve: Resolving assembly 'Microsoft.Bcl.AsyncInterfaces'.
TpTrace Verbose: 0 : 28420, 1, 2024/10/22, 00:34:38.636, 494187062871, vstest.console.dll, CurrentDomainAssemblyResolve: Failed to resolve assembly 'Microsoft.Bcl.AsyncInterfaces'.
TpTrace Verbose: 0 : 28420, 1, 2024/10/22, 00:34:38.636, 494187064075, vstest.console.dll, CurrentDomainAssemblyResolve: Failed to resolve assembly 'Microsoft.Bcl.AsyncInterfaces'.
TpTrace Warning: 0 : 28420, 1, 2024/10/22, 00:34:38.636, 494187066760, vstest.console.dll, TestPluginDiscoverer: Failed to get types from assembly 'Microsoft.Diagnostics.NETCore.Client, Version=0.2.10.30701, Culture=neutral, PublicKeyToken=31bf3856ad364e35'. Error: System.Reflection.ReflectionTypeLoadException: Unable to load one or more of the requested types.
Could not load file or assembly 'Microsoft.Bcl.AsyncInterfaces, Version=6.0.0.0, Culture=neutral, PublicKeyToken=cc7b13ffcd2ddd51'. The system cannot find the file specified.
   at System.Reflection.RuntimeModule.GetTypes(RuntimeModule module)
   at System.Reflection.RuntimeModule.GetTypes()
   at Microsoft.VisualStudio.TestPlatform.Common.ExtensionFramework.TestPluginDiscoverer.GetTestExtensionsFromAssembly[TPluginInfo,TExtension](Assembly assembly, Dictionary`2 pluginInfos, String filePath) in /_/src/Microsoft.TestPlatform.Common/ExtensionFramework/TestPluginDiscoverer.cs:line 158
System.IO.FileNotFoundException: Could not load file or assembly 'Microsoft.Bcl.AsyncInterfaces, Version=6.0.0.0, Culture=neutral, PublicKeyToken=cc7b13ffcd2ddd51'. The system cannot find the file specified.
File name: 'Microsoft.Bcl.AsyncInterfaces, Version=6.0.0.0, Culture=neutral, PublicKeyToken=cc7b13ffcd2ddd51'
 ---> System.IO.FileNotFoundException: Could not load file or assembly 'Microsoft.Bcl.AsyncInterfaces, Culture=neutral, PublicKeyToken=null'. The system cannot find the file specified.
File name: 'Microsoft.Bcl.AsyncInterfaces, Culture=neutral, PublicKeyToken=null'
   at System.Reflection.RuntimeAssembly.InternalLoad(AssemblyName assemblyName, StackCrawlMark& stackMark, AssemblyLoadContext assemblyLoadContext, RuntimeAssembly requestingAssembly, Boolean throwOnFileNotFound)
   at System.Reflection.Assembly.Load(AssemblyName assemblyRef)
   at Microsoft.VisualStudio.TestPlatform.Common.ExtensionFramework.TestPluginCache.CurrentDomainAssemblyResolve(Object sender, AssemblyResolveEventArgs args) in /_/src/Microsoft.TestPlatform.Common/ExtensionFramework/TestPluginCache.cs:line 513
   at System.Runtime.Loader.AssemblyLoadContext.GetFirstResolvedAssemblyFromResolvingEvent(AssemblyName assemblyName)
   at System.Runtime.Loader.AssemblyLoadContext.ResolveUsingEvent(AssemblyName assemblyName)
   at System.Runtime.Loader.AssemblyLoadContext.ResolveUsingResolvingEvent(IntPtr gchManagedAssemblyLoadContext, AssemblyName assemblyName)
TpTrace Warning: 0 : 28420, 1, 2024/10/22, 00:34:38.637, 494187068408, vstest.console.dll, LoaderExceptions: System.IO.FileNotFoundException: Could not load file or assembly 'Microsoft.Bcl.AsyncInterfaces, Version=6.0.0.0, Culture=neutral, PublicKeyToken=cc7b13ffcd2ddd51'. The system cannot find the file specified.
File name: 'Microsoft.Bcl.AsyncInterfaces, Version=6.0.0.0, Culture=neutral, PublicKeyToken=cc7b13ffcd2ddd51'
 ---> System.IO.FileNotFoundException: Could not load file or assembly 'Microsoft.Bcl.AsyncInterfaces, Culture=neutral, PublicKeyToken=null'. The system cannot find the file specified.
File name: 'Microsoft.Bcl.AsyncInterfaces, Culture=neutral, PublicKeyToken=null'
   at System.Reflection.RuntimeAssembly.InternalLoad(AssemblyName assemblyName, StackCrawlMark& stackMark, AssemblyLoadContext assemblyLoadContext, RuntimeAssembly requestingAssembly, Boolean throwOnFileNotFound)
   at System.Reflection.Assembly.Load(AssemblyName assemblyRef)
   at Microsoft.VisualStudio.TestPlatform.Common.ExtensionFramework.TestPluginCache.CurrentDomainAssemblyResolve(Object sender, AssemblyResolveEventArgs args) in /_/src/Microsoft.TestPlatform.Common/ExtensionFramework/TestPluginCache.cs:line 513
   at System.Runtime.Loader.AssemblyLoadContext.GetFirstResolvedAssemblyFromResolvingEvent(AssemblyName assemblyName)
   at System.Runtime.Loader.AssemblyLoadContext.ResolveUsingEvent(AssemblyName assemblyName)
   at System.Runtime.Loader.AssemblyLoadContext.ResolveUsingResolvingEvent(IntPtr gchManagedAssemblyLoadContext, AssemblyName assemblyName)
TpTrace Verbose: 0 : 28420, 1, 2024/10/22, 00:34:38.637, 494187069089, vstest.console.dll, MetadataReaderExtensionsHelper: Discovering extensions inside assembly 'Microsoft.TestPlatform.Extensions.BlameDataCollector, Version=15.0.0.0, Culture=neutral, PublicKeyToken=b03f5f7f11d50a3a' file path 'C:\Program Files\dotnet\sdk\8.0.400\Extensions\Microsoft.TestPlatform.Extensions.BlameDataCollector.dll'
TpTrace Information: 0 : 28420, 1, 2024/10/22, 00:34:38.639, 494187087105, vstest.console.dll, GetTestExtensionFromType: Register extension with identifier data 'logger://Microsoft/TestPlatform/Extensions/Blame/v1' and type 'Microsoft.TestPlatform.Extensions.BlameDataCollector.BlameLogger, Microsoft.TestPlatform.Extensions.BlameDataCollector, Version=15.0.0.0, Culture=neutral, PublicKeyToken=b03f5f7f11d50a3a' inside file 'C:\Program Files\dotnet\sdk\8.0.400\Extensions\Microsoft.TestPlatform.Extensions.BlameDataCollector.dll'
TpTrace Verbose: 0 : 28420, 1, 2024/10/22, 00:34:38.639, 494187088534, vstest.console.dll, MetadataReaderExtensionsHelper: Discovering extensions inside assembly 'Microsoft.TestPlatform.Extensions.EventLogCollector, Version=15.0.0.0, Culture=neutral, PublicKeyToken=b03f5f7f11d50a3a' file path 'C:\Program Files\dotnet\sdk\8.0.400\Extensions\Microsoft.TestPlatform.Extensions.EventLogCollector.dll'
TpTrace Verbose: 0 : 28420, 1, 2024/10/22, 00:34:38.640, 494187101534, vstest.console.dll, MetadataReaderExtensionsHelper: Discovering extensions inside assembly 'Microsoft.TestPlatform.TestHostRuntimeProvider, Version=15.0.0.0, Culture=neutral, PublicKeyToken=b03f5f7f11d50a3a' file path 'C:\Program Files\dotnet\sdk\8.0.400\Extensions\Microsoft.TestPlatform.TestHostRuntimeProvider.dll'
TpTrace Verbose: 0 : 28420, 1, 2024/10/22, 00:34:38.641, 494187115333, vstest.console.dll, MetadataReaderExtensionsHelper: Discovering extensions inside assembly 'Microsoft.VisualStudio.TestPlatform.Extensions.Html.TestLogger, Version=15.0.0.0, Culture=neutral, PublicKeyToken=b03f5f7f11d50a3a' file path 'C:\Program Files\dotnet\sdk\8.0.400\Extensions\Microsoft.VisualStudio.TestPlatform.Extensions.Html.TestLogger.dll'
TpTrace Information: 0 : 28420, 1, 2024/10/22, 00:34:38.643, 494187133998, vstest.console.dll, GetTestExtensionFromType: Register extension with identifier data 'logger://Microsoft/TestPlatform/HtmlLogger/v1' and type 'Microsoft.VisualStudio.TestPlatform.Extensions.HtmlLogger.HtmlLogger, Microsoft.VisualStudio.TestPlatform.Extensions.Html.TestLogger, Version=15.0.0.0, Culture=neutral, PublicKeyToken=b03f5f7f11d50a3a' inside file 'C:\Program Files\dotnet\sdk\8.0.400\Extensions\Microsoft.VisualStudio.TestPlatform.Extensions.Html.TestLogger.dll'
TpTrace Verbose: 0 : 28420, 1, 2024/10/22, 00:34:38.643, 494187135741, vstest.console.dll, MetadataReaderExtensionsHelper: Discovering extensions inside assembly 'Microsoft.VisualStudio.TestPlatform.Extensions.Trx.TestLogger, Version=15.0.0.0, Culture=neutral, PublicKeyToken=b03f5f7f11d50a3a' file path 'C:\Program Files\dotnet\sdk\8.0.400\Extensions\Microsoft.VisualStudio.TestPlatform.Extensions.Trx.TestLogger.dll'
TpTrace Information: 0 : 28420, 1, 2024/10/22, 00:34:38.645, 494187155930, vstest.console.dll, GetTestExtensionFromType: Register extension with identifier data 'logger://Microsoft/TestPlatform/TrxLogger/v1' and type 'Microsoft.VisualStudio.TestPlatform.Extensions.TrxLogger.TrxLogger, Microsoft.VisualStudio.TestPlatform.Extensions.Trx.TestLogger, Version=15.0.0.0, Culture=neutral, PublicKeyToken=b03f5f7f11d50a3a' inside file 'C:\Program Files\dotnet\sdk\8.0.400\Extensions\Microsoft.VisualStudio.TestPlatform.Extensions.Trx.TestLogger.dll'
TpTrace Verbose: 0 : 28420, 1, 2024/10/22, 00:34:38.646, 494187157389, vstest.console.dll, TestPluginCache: Discovered the extensions using extension path ''.
TpTrace Verbose: 0 : 28420, 1, 2024/10/22, 00:34:38.646, 494187157687, vstest.console.dll, TestPluginCache: Discoverers are ''.
TpTrace Verbose: 0 : 28420, 1, 2024/10/22, 00:34:38.646, 494187157924, vstest.console.dll, TestPluginCache: Executors are ''.
TpTrace Verbose: 0 : 28420, 1, 2024/10/22, 00:34:38.646, 494187158157, vstest.console.dll, TestPluginCache: Executors2 are ''.
TpTrace Verbose: 0 : 28420, 1, 2024/10/22, 00:34:38.646, 494187158386, vstest.console.dll, TestPluginCache: Setting providers are ''.
TpTrace Verbose: 0 : 28420, 1, 2024/10/22, 00:34:38.646, 494187159059, vstest.console.dll, TestPluginCache: Loggers are 'logger://Microsoft/TestPlatform/Extensions/Blame/v1,logger://Microsoft/TestPlatform/HtmlLogger/v1,logger://Microsoft/TestPlatform/TrxLogger/v1'.
TpTrace Verbose: 0 : 28420, 1, 2024/10/22, 00:34:38.646, 494187159795, vstest.console.dll, TestPluginCache: TestHosts are 'HostProvider://DefaultTestHost,HostProvider://DotnetTestHost'.
TpTrace Verbose: 0 : 28420, 1, 2024/10/22, 00:34:38.646, 494187160060, vstest.console.dll, TestPluginCache: DataCollectors are ''.
TpTrace Information: 0 : 28420, 1, 2024/10/22, 00:34:38.647, 494187167589, vstest.console.dll, TestPluginManager.CreateTestExtension: Attempting to load test extension: Microsoft.TestPlatform.Extensions.BlameDataCollector.BlameLogger
TpTrace Verbose: 0 : 28420, 1, 2024/10/22, 00:34:38.659, 494187290967, vstest.console.dll, TestEngine: Initializing Parallel Execution as MaxCpuCount is set to: 1
TpTrace Information: 0 : 28420, 1, 2024/10/22, 00:34:38.660, 494187303475, vstest.console.dll, TestPluginManager.CreateTestExtension: Attempting to load test extension: Microsoft.VisualStudio.TestPlatform.CrossPlatEngine.Hosting.DefaultTestHostManager
TpTrace Information: 0 : 28420, 1, 2024/10/22, 00:34:38.664, 494187339922, vstest.console.dll, TestPluginManager.CreateTestExtension: Attempting to load test extension: Microsoft.VisualStudio.TestPlatform.CrossPlatEngine.Hosting.DotnetTestHostManager
TpTrace Verbose: 0 : 28420, 1, 2024/10/22, 00:34:38.664, 494187342141, vstest.console.dll, TestHostManagerCallbacks.ctor: Forwarding output is enabled.
TpTrace Information: 0 : 28420, 1, 2024/10/22, 00:34:38.664, 494187345389, vstest.console.dll, InferRunSettingsHelper.IsTestSettingsEnabled: Unable to navigate to RunSettings/MSTest. Current node: RunSettings
TpTrace Verbose: 0 : 28420, 1, 2024/10/22, 00:34:38.666, 494187359387, vstest.console.dll, ParallelOperationManager.ClearSlots: Clearing all slots. Slots should accept more work: True
TpTrace Verbose: 0 : 28420, 1, 2024/10/22, 00:34:38.666, 494187364995, vstest.console.dll, ParallelOperationManager.SetOccupiedSlotCount: Setting slot counts AvailableSlotCount = 1, OccupiedSlotCount = 0.
TpTrace Verbose: 0 : 28420, 1, 2024/10/22, 00:34:38.667, 494187367397, vstest.console.dll, Occupied slots:

TpTrace Verbose: 0 : 28420, 1, 2024/10/22, 00:34:38.669, 494187392940, vstest.console.dll, TestEngine.GetExecutionManager: Chosen execution manager 'Microsoft.VisualStudio.TestPlatform.CrossPlatEngine.Client.Parallel.ParallelProxyExecutionManager, Microsoft.TestPlatform.CrossPlatEngine, Version=15.0.0.0, Culture=neutral, PublicKeyToken=b03f5f7f11d50a3a' ParallelLevel '1'.
TpTrace Verbose: 0 : 28420, 1, 2024/10/22, 00:34:38.669, 494187394587, vstest.console.dll, TestPlatform.GetSkipDefaultAdapters: Not skipping default adapters SkipDefaultAdapters was false.
TpTrace Verbose: 0 : 28420, 1, 2024/10/22, 00:34:38.669, 494187395303, vstest.console.dll, TestRunRequest.ExecuteAsync: Creating test run request.
TpTrace Verbose: 0 : 28420, 1, 2024/10/22, 00:34:38.669, 494187396999, vstest.console.dll, TestRunRequest.ExecuteAsync: Starting.
TpTrace Information: 0 : 28420, 1, 2024/10/22, 00:34:38.670, 494187406294, vstest.console.dll, TestRunRequest.ExecuteAsync: Starting run with settings:TestRunCriteria:
   KeepAlive=False,FrequencyOfRunStatsChangeEvent=10,RunStatsChangeEventTimeout=00:00:01.5000000,TestCaseFilter=,TestExecutorLauncher=
   Settingsxml=<RunSettings>
  <RunConfiguration>
    <ResultsDirectory>D:\BidApp\BidRestAPI\BidRestApiTests\bin\Debug\net8.0\fine-code-coverage\coverage-tool-output</ResultsDirectory>
    <TargetPlatform>X64</TargetPlatform>
    <TargetFrameworkVersion>.NETCoreApp,Version=v8.0</TargetFrameworkVersion>
    <DesignMode>False</DesignMode>
    <CollectSourceInformation>False</CollectSourceInformation>
  </RunConfiguration>
  <LoggerRunSettings>
    <Loggers>
      <Logger friendlyName="blame" enabled="True" />
      <Logger friendlyName="Console" uri="logger://microsoft/TestPlatform/ConsoleLogger/v1" assemblyQualifiedName="Microsoft.VisualStudio.TestPlatform.CommandLine.Internal.ConsoleLogger, vstest.console, Version=15.0.0.0, Culture=neutral, PublicKeyToken=b03f5f7f11d50a3a" codeBase="C:\Program Files\dotnet\sdk\8.0.400\vstest.console.dll" enabled="True" />
    </Loggers>
  </LoggerRunSettings>
  <DataCollectionRunSettings>
    <DataCollectors>
      <DataCollector friendlyName="blame" enabled="True">
        <Configuration>
          <ResultsDirectory>D:\BidApp\BidRestAPI\BidRestApiTests\bin\Debug\net8.0\fine-code-coverage\coverage-tool-output</ResultsDirectory>
        </Configuration>
      </DataCollector>
    </DataCollectors>
  </DataCollectionRunSettings>
</RunSettings>

TpTrace Verbose: 0 : 28420, 1, 2024/10/22, 00:34:38.671, 494187407249, vstest.console.dll, TestRunRequest.ExecuteAsync: Wait for the first run request is over.
TpTrace Verbose: 0 : 28420, 1, 2024/10/22, 00:34:38.671, 494187409350, vstest.console.dll, MulticastDelegateUtilities.SafeInvoke: TestRun.TestRunStart: Invoking callbacks was skipped because there are no subscribers.
TpTrace Verbose: 0 : 28420, 4, 2024/10/22, 00:34:38.671, 494187412168, vstest.console.dll, MulticastDelegateUtilities.SafeInvoke: InternalTestLoggerEvents.SendTestRunStart: Invoking callback 1/1 for Microsoft.VisualStudio.TestPlatform.CommandLine.Internal.ConsoleLogger., took 0 ms.
TpTrace Verbose: 0 : 28420, 1, 2024/10/22, 00:34:38.671, 494187416973, vstest.console.dll, ParallelProxyExecutionManager: Start execution. Total sources: 1
TpTrace Verbose: 0 : 28420, 1, 2024/10/22, 00:34:38.672, 494187420126, vstest.console.dll, ParallelOperationManager.StartWork: Starting adding 1 workloads.
TpTrace Verbose: 0 : 28420, 1, 2024/10/22, 00:34:38.672, 494187420733, vstest.console.dll, ParallelOperationManager.ClearSlots: Clearing all slots. Slots should accept more work: True
TpTrace Verbose: 0 : 28420, 1, 2024/10/22, 00:34:38.672, 494187421384, vstest.console.dll, ParallelOperationManager.SetOccupiedSlotCount: Setting slot counts AvailableSlotCount = 1, OccupiedSlotCount = 0.
TpTrace Verbose: 0 : 28420, 1, 2024/10/22, 00:34:38.672, 494187421752, vstest.console.dll, Occupied slots:

TpTrace Verbose: 0 : 28420, 1, 2024/10/22, 00:34:38.673, 494187432555, vstest.console.dll, TestHostManagerCallbacks.ctor: Forwarding output is enabled.
TpTrace Verbose: 0 : 28420, 1, 2024/10/22, 00:34:38.673, 494187434705, vstest.console.dll, TestRequestSender is acting as server.
TpTrace Verbose: 0 : 28420, 1, 2024/10/22, 00:34:38.675, 494187454948, vstest.console.dll, ParallelOperationManager.RunWorkInParallel: Adding 1 workload to slot, remaining workloads 0.
TpTrace Verbose: 0 : 28420, 1, 2024/10/22, 00:34:38.675, 494187455747, vstest.console.dll, ParallelOperationManager.SetOccupiedSlotCount: Setting slot counts AvailableSlotCount = 0, OccupiedSlotCount = 1.
TpTrace Verbose: 0 : 28420, 1, 2024/10/22, 00:34:38.675, 494187456643, vstest.console.dll, Occupied slots:
0: D:\BidApp\BidRestAPI\BidRestApiTests\bin\Debug\net8.0\fine-code-coverage\build-output\BidRestApiTests.dll
TpTrace Verbose: 0 : 28420, 1, 2024/10/22, 00:34:38.676, 494187465824, vstest.console.dll, ParallelOperationManager.RunWorkInParallel: Started host in slot number 0 for work (source): D:\BidApp\BidRestAPI\BidRestApiTests\bin\Debug\net8.0\fine-code-coverage\build-output\BidRestApiTests.dll.
TpTrace Verbose: 0 : 28420, 1, 2024/10/22, 00:34:38.677, 494187476539, vstest.console.dll, ParallelOperationManager.RunWorkInParallel: We started 1 work items, which is the max parallel level. Won't start more work.
TpTrace Verbose: 0 : 28420, 1, 2024/10/22, 00:34:38.678, 494187477423, vstest.console.dll, ParallelOperationManager.RunWorkInParallel: We started 1 work items in here, returning True.
TpTrace Information: 0 : 28420, 1, 2024/10/22, 00:34:38.678, 494187477818, vstest.console.dll, TestRunRequest.ExecuteAsync: Started.
TpTrace Verbose: 0 : 28420, 5, 2024/10/22, 00:34:38.678, 494187480951, vstest.console.dll, ParallelProxyExecutionManager.StartTestRunOnConcurrentManager: Initializing uninitialized client. Started clients: 0
TpTrace Verbose: 0 : 28420, 1, 2024/10/22, 00:34:38.678, 494187482501, vstest.console.dll, TestRunRequest.WaitForCompletion: Waiting with timeout -1.
TpTrace Verbose: 0 : 28420, 5, 2024/10/22, 00:34:38.678, 494187483160, vstest.console.dll, DataCollectionRequestSender.InitializeCommunication : Initialize communication. 
TpTrace Information: 0 : 28420, 5, 2024/10/22, 00:34:38.695, 494187647938, vstest.console.dll, Listening on Endpoint : 127.0.0.1:63321
TpTrace Verbose: 0 : 28420, 5, 2024/10/22, 00:34:38.706, 494187761379, vstest.console.dll, DotnetDataCollectionLauncher: Adding  --runtimeconfig "C:\Program Files\dotnet\sdk\8.0.400\datacollector.runtimeconfig.json" in args
TpTrace Verbose: 0 : 28420, 5, 2024/10/22, 00:34:38.706, 494187762953, vstest.console.dll, DotnetDataCollectionLauncher: Adding  --depsfile "C:\Program Files\dotnet\sdk\8.0.400\datacollector.deps.json" in args
TpTrace Verbose: 0 : 28420, 5, 2024/10/22, 00:34:38.707, 494187775545, vstest.console.dll, DotnetDataCollectionLauncher: Full path of dotnet.exe is C:\Program Files\dotnet\dotnet.exe
TpTrace Information: 0 : 28420, 5, 2024/10/22, 00:34:38.720, 494187900388, vstest.console.dll, ProxyDataCollectionManager.Initialize: Launched datacollector processId: 22976 port: 63321
TpTrace Information: 0 : 28420, 5, 2024/10/22, 00:34:38.720, 494187904077, vstest.console.dll, ProxyDataCollectionManager.Initialize: waiting for connection with timeout: 90 seconds
TpTrace Verbose: 0 : 28420, 5, 2024/10/22, 00:34:38.720, 494187905382, vstest.console.dll, DataCollectionRequestSender.WaitForRequestHandlerConnection : Waiting for connection with timeout: 90000
TpTrace Information: 0 : 28420, 7, 2024/10/22, 00:34:39.010, 494190801904, vstest.console.dll, Using the buffer size of 16384 bytes
TpTrace Verbose: 0 : 28420, 5, 2024/10/22, 00:34:39.010, 494190802044, vstest.console.dll, SocketCommunicationManager.WaitForClientConnection took: 289 ms, with 90000 ms timeout, and finished with True.
TpTrace Information: 0 : 28420, 7, 2024/10/22, 00:34:39.010, 494190803335, vstest.console.dll, Accepted Client request and set the flag
TpTrace Verbose: 0 : 28420, 5, 2024/10/22, 00:34:39.010, 494190804808, vstest.console.dll, ProxyDataCollectionManager.InvokeDataCollectionServiceAction: Starting.
TpTrace Information: 0 : 28420, 5, 2024/10/22, 00:34:39.010, 494190805810, vstest.console.dll, ProxyDataCollectionManager.BeforeTestRunStart: Get environment variable and port for datacollector processId: 22976 port: 63321
TpTrace Verbose: 0 : 28420, 5, 2024/10/22, 00:34:39.011, 494190807238, vstest.console.dll, DataCollectionRequestSender.SendBeforeTestRunStartAndGetResult: Send BeforeTestRunStart message with settingsXml <RunSettings><RunConfiguration><ResultsDirectory>D:\BidApp\BidRestAPI\BidRestApiTests\bin\Debug\net8.0\fine-code-coverage\coverage-tool-output</ResultsDirectory><TargetPlatform>X64</TargetPlatform><TargetFrameworkVersion>.NETCoreApp,Version=v8.0</TargetFrameworkVersion><DesignMode>False</DesignMode><CollectSourceInformation>False</CollectSourceInformation><TestAdaptersPaths>C:\Program Files\dotnet\sdk\8.0.400\Extensions</TestAdaptersPaths></RunConfiguration><LoggerRunSettings><Loggers><Logger friendlyName="blame" enabled="True" /><Logger friendlyName="Console" uri="logger://microsoft/TestPlatform/ConsoleLogger/v1" assemblyQualifiedName="Microsoft.VisualStudio.TestPlatform.CommandLine.Internal.ConsoleLogger, vstest.console, Version=15.0.0.0, Culture=neutral, PublicKeyToken=b03f5f7f11d50a3a" codeBase="C:\Program Files\dotnet\sdk\8.0.400\vstest.console.dll" enabled="True" /></Loggers></LoggerRunSettings><DataCollectionRunSettings><DataCollectors><DataCollector friendlyName="blame" enabled="True"><Configuration><ResultsDirectory>D:\BidApp\BidRestAPI\BidRestApiTests\bin\Debug\net8.0\fine-code-coverage\coverage-tool-output</ResultsDirectory></Configuration></DataCollector></DataCollectors></DataCollectionRunSettings></RunSettings> and sources System.Collections.Generic.List`1[System.String]: 
TpTrace Verbose: 0 : 28420, 5, 2024/10/22, 00:34:39.088, 494191581681, vstest.console.dll, DataCollectionRequestSender.SendBeforeTestRunStartAndGetResult: Received message: (DataCollection.SendMessage) -> {"MessageType":"DataCollection.SendMessage","Payload":{"FriendlyName":null,"Uri":null,"TestCaseId":"00000000-0000-0000-0000-000000000000","Message":"Logging DataCollector Diagnostics in file: D:\\BidApp\\BidRestAPI\\BidRestApiTests\\bin\\Debug\\net8.0\\fine-code-coverage\\coverage-tool-output\\diagnostics.datacollector.24-10-22_00-34-38_70616_5.log","Level":0}}
TpTrace Verbose: 0 : 28420, 5, 2024/10/22, 00:34:39.199, 494192690014, vstest.console.dll, DataCollectionRequestSender.SendBeforeTestRunStartAndGetResult: Received message: (DataCollection.BeforeTestRunStartResult) -> {"MessageType":"DataCollection.BeforeTestRunStartResult","Payload":{"EnvironmentVariables":{},"DataCollectionEventsPort":63323}}
TpTrace Information: 0 : 28420, 5, 2024/10/22, 00:34:39.204, 494192744540, vstest.console.dll, ProxyDataCollectionManager.BeforeTestRunStart: SendBeforeTestRunStartAndGetResult successful, env variable from datacollector:   and testhost port: 63323
TpTrace Information: 0 : 28420, 5, 2024/10/22, 00:34:39.204, 494192745810, vstest.console.dll, ProxyDataCollectionManager.InvokeDataCollectionServiceAction: Completed.
TpTrace Verbose: 0 : 28420, 5, 2024/10/22, 00:34:39.204, 494192746245, vstest.console.dll, ParallelProxyExecutionManager.StartTestRunOnConcurrentManager: Initializing test run. Started clients: 0
TpTrace Verbose: 0 : 28420, 5, 2024/10/22, 00:34:39.205, 494192747463, vstest.console.dll, ProxyExecutionManager: Test host is always Lazy initialize.
TpTrace Verbose: 0 : 28420, 5, 2024/10/22, 00:34:39.205, 494192750029, vstest.console.dll, TestRequestSender.InitializeCommunication: initialize communication. 
TpTrace Information: 0 : 28420, 5, 2024/10/22, 00:34:39.205, 494192755714, vstest.console.dll, SocketServer.Start: Listening on endpoint : 127.0.0.1:63324
TpTrace Verbose: 0 : 28420, 5, 2024/10/22, 00:34:39.206, 494192763967, vstest.console.dll, DotnetTestHostmanager.GetTestHostProcessStartInfo: Platform environment 'X64' target architecture 'X64' framework '.NETCoreApp,Version=v8.0' OS 'Windows'
TpTrace Verbose: 0 : 28420, 5, 2024/10/22, 00:34:39.206, 494192765815, vstest.console.dll, DotnetTestHostmanager: Adding  --runtimeconfig "D:\BidApp\BidRestAPI\BidRestApiTests\bin\Debug\net8.0\fine-code-coverage\build-output\BidRestApiTests.runtimeconfig.json" in args
TpTrace Verbose: 0 : 28420, 5, 2024/10/22, 00:34:39.206, 494192766747, vstest.console.dll, DotnetTestHostmanager: Adding  --depsfile "D:\BidApp\BidRestAPI\BidRestApiTests\bin\Debug\net8.0\fine-code-coverage\build-output\BidRestApiTests.deps.json" in args
TpTrace Verbose: 0 : 28420, 5, 2024/10/22, 00:34:39.207, 494192770164, vstest.console.dll, DotnetTestHostmanager.IsWinOnArm: Current PROCESSOR_ARCHITECTURE from environment variable 'AMD64'
TpTrace Verbose: 0 : 28420, 5, 2024/10/22, 00:34:39.207, 494192771027, vstest.console.dll, DotnetTestHostmanager.IsWinOnArm: Is Windows on ARM 'False'
TpTrace Verbose: 0 : 28420, 5, 2024/10/22, 00:34:39.207, 494192771742, vstest.console.dll, DotnetTestHostManager: testhost.exe found at path: D:\BidApp\BidRestAPI\BidRestApiTests\bin\Debug\net8.0\fine-code-coverage\build-output\testhost.exe
TpTrace Verbose: 0 : 28420, 5, 2024/10/22, 00:34:39.207, 494192772241, vstest.console.dll, DotnetTestHostmanager: Full path of host exe is D:\BidApp\BidRestAPI\BidRestApiTests\bin\Debug\net8.0\fine-code-coverage\build-output\testhost.exe
TpTrace Verbose: 0 : 28420, 5, 2024/10/22, 00:34:39.207, 494192773695, vstest.console.dll, DotnetTestHostmanager.LaunchTestHostAsync: Found 'VSTEST_WINAPPHOST_DOTNET_ROOT' in env variables, value 'C:\Program Files\dotnet', forwarding to 'DOTNET_ROOT'
TpTrace Verbose: 0 : 28420, 5, 2024/10/22, 00:34:39.207, 494192775188, vstest.console.dll, DotnetTestHostManager: Starting process 'D:\BidApp\BidRestAPI\BidRestApiTests\bin\Debug\net8.0\fine-code-coverage\build-output\testhost.exe' with command line ' --runtimeconfig "D:\BidApp\BidRestAPI\BidRestApiTests\bin\Debug\net8.0\fine-code-coverage\build-output\BidRestApiTests.runtimeconfig.json" --depsfile "D:\BidApp\BidRestAPI\BidRestApiTests\bin\Debug\net8.0\fine-code-coverage\build-output\BidRestApiTests.deps.json" --port 63324 --endpoint 127.0.0.1:063324 --role client --parentprocessid 28420 --diag "D:\BidApp\BidRestAPI\BidRestApiTests\bin\Debug\net8.0\fine-code-coverage\coverage-tool-output\diagnostics.host.24-10-22_00-34-39_20630_5.log" --tracelevel 4 --datacollectionport 63323 --telemetryoptedin false'
TpTrace Verbose: 0 : 28420, 5, 2024/10/22, 00:34:39.219, 494192887517, vstest.console.dll, MulticastDelegateUtilities.SafeInvoke: HostProviderEvents.OnHostLaunched: Invoking callback 1/2 for Microsoft.VisualStudio.TestPlatform.CrossPlatEngine.Client.ProxyExecutionManagerWithDataCollection., took 1 ms.
TpTrace Verbose: 0 : 28420, 5, 2024/10/22, 00:34:39.219, 494192890613, vstest.console.dll, Test Runtime launched
TpTrace Verbose: 0 : 28420, 5, 2024/10/22, 00:34:39.219, 494192891379, vstest.console.dll, MulticastDelegateUtilities.SafeInvoke: HostProviderEvents.OnHostLaunched: Invoking callback 2/2 for Microsoft.VisualStudio.TestPlatform.CrossPlatEngine.Client.ProxyOperationManager., took 0 ms.
TpTrace Verbose: 0 : 28420, 5, 2024/10/22, 00:34:39.219, 494192892456, vstest.console.dll, TestRequestSender.WaitForRequestHandlerConnection: waiting for connection with timeout: 90000.
TpTrace Verbose: 0 : 28420, 12, 2024/10/22, 00:34:39.498, 494195679201, vstest.console.dll, MulticastDelegateUtilities.SafeInvoke: SocketServer: ClientConnected: Invoking callback 1/1 for Microsoft.VisualStudio.TestPlatform.CommunicationUtilities.TestRequestSender., took 0 ms.
TpTrace Verbose: 0 : 28420, 5, 2024/10/22, 00:34:39.498, 494195679306, vstest.console.dll, TestRequestSender.WaitForRequestHandlerConnection: waiting took 278 ms, with timeout 90000 ms, and result 0, which is success.
TpTrace Verbose: 0 : 28420, 12, 2024/10/22, 00:34:39.498, 494195680976, vstest.console.dll, SocketServer.OnClientConnected: Client connected for endPoint: 127.0.0.1:63324, starting MessageLoopAsync:
TpTrace Verbose: 0 : 28420, 12, 2024/10/22, 00:34:39.499, 494195687585, vstest.console.dll, TcpClientExtensions.MessageLoopAsync: Polling on remoteEndPoint: 127.0.0.1:63325 localEndPoint: 127.0.0.1:63324 after 0 ms
TpTrace Verbose: 0 : 28420, 5, 2024/10/22, 00:34:39.500, 494195697859, vstest.console.dll, TestRequestSender.CheckVersionWithTestHost: Sending check version message: {"MessageType":"ProtocolVersion","Payload":7}
TpTrace Verbose: 0 : 28420, 12, 2024/10/22, 00:34:39.610, 494196802218, vstest.console.dll, TcpClientExtensions.MessageLoopAsync: NotifyDataAvailable remoteEndPoint: 127.0.0.1:63325 localEndPoint: 127.0.0.1:63324
TpTrace Verbose: 0 : 28420, 12, 2024/10/22, 00:34:39.610, 494196805124, vstest.console.dll, TestRequestSender.CheckVersionWithTestHost: onMessageReceived received message: (ProtocolVersion) -> {"MessageType":"ProtocolVersion","Payload":7}
TpTrace Verbose: 0 : 28420, 12, 2024/10/22, 00:34:39.611, 494196813176, vstest.console.dll, MulticastDelegateUtilities.SafeInvoke: LengthPrefixCommunicationChannel: MessageReceived: Invoking callback 1/1 for Microsoft.VisualStudio.TestPlatform.CommunicationUtilities.TestRequestSender+<>c__DisplayClass29_0., took 0 ms.
TpTrace Verbose: 0 : 28420, 5, 2024/10/22, 00:34:39.611, 494196814181, vstest.console.dll, TestPluginCache.GetExtensionPaths: Filtered extension paths: 
TpTrace Verbose: 0 : 28420, 12, 2024/10/22, 00:34:39.611, 494196814480, vstest.console.dll, TcpClientExtensions.MessageLoopAsync: Polling on remoteEndPoint: 127.0.0.1:63325 localEndPoint: 127.0.0.1:63324 after 112 ms
TpTrace Verbose: 0 : 28420, 5, 2024/10/22, 00:34:39.611, 494196815379, vstest.console.dll, TestPluginCache.GetExtensionPaths: Added default extension paths: C:\Program Files\dotnet\sdk\8.0.400\Extensions\Microsoft.Diagnostics.NETCore.Client.dll
C:\Program Files\dotnet\sdk\8.0.400\Extensions\Microsoft.TestPlatform.Extensions.BlameDataCollector.dll
C:\Program Files\dotnet\sdk\8.0.400\Extensions\Microsoft.TestPlatform.Extensions.EventLogCollector.dll
C:\Program Files\dotnet\sdk\8.0.400\Extensions\Microsoft.TestPlatform.TestHostRuntimeProvider.dll
C:\Program Files\dotnet\sdk\8.0.400\Extensions\Microsoft.VisualStudio.TestPlatform.Extensions.Html.TestLogger.dll
C:\Program Files\dotnet\sdk\8.0.400\Extensions\Microsoft.VisualStudio.TestPlatform.Extensions.Trx.TestLogger.dll
TpTrace Verbose: 0 : 28420, 5, 2024/10/22, 00:34:39.612, 494196817628, vstest.console.dll, TestPluginCache.GetExtensionPaths: Added unfilterableExtensionPaths: 
TpTrace Verbose: 0 : 28420, 5, 2024/10/22, 00:34:39.615, 494196848221, vstest.console.dll, TestRequestSender.InitializeExecution: Sending initialize execution with message: {"Version":7,"MessageType":"TestExecution.Initialize","Payload":["D:\\BidApp\\BidRestAPI\\BidRestApiTests\\bin\\Debug\\net8.0\\fine-code-coverage\\build-output\\NUnit3.TestAdapter.dll"]}
TpTrace Verbose: 0 : 28420, 5, 2024/10/22, 00:34:39.615, 494196850604, vstest.console.dll, ParallelProxyExecutionManager.StartTestRunOnConcurrentManager: Execution starting. Started clients: 1
TpTrace Verbose: 0 : 28420, 5, 2024/10/22, 00:34:39.615, 494196853389, vstest.console.dll, TestRunRequest:SendTestRunMessage: Starting.
TpTrace Verbose: 0 : 28420, 5, 2024/10/22, 00:34:39.615, 494196855199, vstest.console.dll, MulticastDelegateUtilities.SafeInvoke: TestRun.LogMessages: Invoking callback 1/1 for Microsoft.VisualStudio.TestPlatform.CommandLine.TestRunResultAggregator., took 0 ms.
TpTrace Information: 0 : 28420, 5, 2024/10/22, 00:34:39.615, 494196855710, vstest.console.dll, TestRunRequest:SendTestRunMessage: Completed.
TpTrace Verbose: 0 : 28420, 4, 2024/10/22, 00:34:39.616, 494196857376, vstest.console.dll, MulticastDelegateUtilities.SafeInvoke: InternalTestLoggerEvents.SendTestRunMessage: Invoking callback 1/1 for Microsoft.VisualStudio.TestPlatform.CommandLine.Internal.ConsoleLogger., took 0 ms.
TpTrace Verbose: 0 : 28420, 12, 2024/10/22, 00:34:39.616, 494196858763, vstest.console.dll, TcpClientExtensions.MessageLoopAsync: NotifyDataAvailable remoteEndPoint: 127.0.0.1:63325 localEndPoint: 127.0.0.1:63324
TpTrace Warning: 0 : 28420, 5, 2024/10/22, 00:34:39.616, 494196860001, vstest.console.dll, InferRunSettingsHelper.MakeRunsettingsCompatible: Removing the following settings: TargetPlatform from RunSettings file. To use those settings please move to latest version of Microsoft.NET.Test.Sdk
TpTrace Verbose: 0 : 28420, 12, 2024/10/22, 00:34:39.617, 494196868471, vstest.console.dll, TestRequestSender.OnExecutionMessageReceived: Received message: {"Version":7,"MessageType":"TestSession.Message","Payload":{"MessageLevel":0,"Message":"Logging TestHost Diagnostics in file: D:\\BidApp\\BidRestAPI\\BidRestApiTests\\bin\\Debug\\net8.0\\fine-code-coverage\\coverage-tool-output\\diagnostics.host.24-10-22_00-34-39_20630_5.log"}}
TpTrace Verbose: 0 : 28420, 12, 2024/10/22, 00:34:39.619, 494196896890, vstest.console.dll, TestRunRequest:SendTestRunMessage: Starting.
TpTrace Verbose: 0 : 28420, 12, 2024/10/22, 00:34:39.620, 494196898623, vstest.console.dll, MulticastDelegateUtilities.SafeInvoke: TestRun.LogMessages: Invoking callback 1/1 for Microsoft.VisualStudio.TestPlatform.CommandLine.TestRunResultAggregator., took 0 ms.
TpTrace Information: 0 : 28420, 12, 2024/10/22, 00:34:39.620, 494196899292, vstest.console.dll, TestRunRequest:SendTestRunMessage: Completed.
TpTrace Verbose: 0 : 28420, 4, 2024/10/22, 00:34:39.620, 494196899373, vstest.console.dll, MulticastDelegateUtilities.SafeInvoke: InternalTestLoggerEvents.SendTestRunMessage: Invoking callback 1/1 for Microsoft.VisualStudio.TestPlatform.CommandLine.Internal.ConsoleLogger., took 0 ms.
TpTrace Verbose: 0 : 28420, 12, 2024/10/22, 00:34:39.620, 494196900863, vstest.console.dll, MulticastDelegateUtilities.SafeInvoke: LengthPrefixCommunicationChannel: MessageReceived: Invoking callback 1/1 for Microsoft.VisualStudio.TestPlatform.CommunicationUtilities.TestRequestSender+<>c__DisplayClass34_0., took 3 ms.
TpTrace Verbose: 0 : 28420, 12, 2024/10/22, 00:34:39.620, 494196901639, vstest.console.dll, TcpClientExtensions.MessageLoopAsync: Polling on remoteEndPoint: 127.0.0.1:63325 localEndPoint: 127.0.0.1:63324 after 8 ms
TpTrace Verbose: 0 : 28420, 5, 2024/10/22, 00:34:39.623, 494196929463, vstest.console.dll, TestRequestSender.StartTestRun: Sending test run with message: {"Version":7,"MessageType":"TestExecution.StartWithSources","Payload":{"AdapterSourceMap":{"_none_":["D:\\BidApp\\BidRestAPI\\BidRestApiTests\\bin\\Debug\\net8.0\\fine-code-coverage\\build-output\\BidRestApiTests.dll"]},"RunSettings":"<RunSettings>\r\n  <RunConfiguration>\r\n    <ResultsDirectory>D:\\BidApp\\BidRestAPI\\BidRestApiTests\\bin\\Debug\\net8.0\\fine-code-coverage\\coverage-tool-output</ResultsDirectory>\r\n    <TargetFrameworkVersion>.NETCoreApp,Version=v8.0</TargetFrameworkVersion>\r\n    <DesignMode>False</DesignMode>\r\n    <CollectSourceInformation>False</CollectSourceInformation>\r\n  </RunConfiguration>\r\n  <LoggerRunSettings>\r\n    <Loggers>\r\n      <Logger friendlyName=\"blame\" enabled=\"True\" />\r\n      <Logger friendlyName=\"Console\" uri=\"logger://microsoft/TestPlatform/ConsoleLogger/v1\" assemblyQualifiedName=\"Microsoft.VisualStudio.TestPlatform.CommandLine.Internal.ConsoleLogger, vstest.console, Version=15.0.0.0, Culture=neutral, PublicKeyToken=b03f5f7f11d50a3a\" codeBase=\"C:\\Program Files\\dotnet\\sdk\\8.0.400\\vstest.console.dll\" enabled=\"True\" />\r\n    </Loggers>\r\n  </LoggerRunSettings>\r\n  <DataCollectionRunSettings>\r\n    <DataCollectors>\r\n      <DataCollector friendlyName=\"blame\" enabled=\"True\">\r\n        <Configuration>\r\n          <ResultsDirectory>D:\\BidApp\\BidRestAPI\\BidRestApiTests\\bin\\Debug\\net8.0\\fine-code-coverage\\coverage-tool-output</ResultsDirectory>\r\n        </Configuration>\r\n      </DataCollector>\r\n    </DataCollectors>\r\n  </DataCollectionRunSettings>\r\n</RunSettings>","TestExecutionContext":{"FrequencyOfRunStatsChangeEvent":10,"RunStatsChangeEventTimeout":"00:00:01.5000000","InIsolation":false,"KeepAlive":false,"AreTestCaseLevelEventsRequired":false,"IsDebug":false,"TestCaseFilter":null,"FilterOptions":null},"Package":null}}
TpTrace Verbose: 0 : 28420, 5, 2024/10/22, 00:34:39.623, 494196931610, vstest.console.dll, ParallelProxyExecutionManager.StartTestRunOnConcurrentManager: Execution started. Started clients: 1
TpTrace Verbose: 0 : 28420, 12, 2024/10/22, 00:34:39.795, 494198651249, vstest.console.dll, TcpClientExtensions.MessageLoopAsync: NotifyDataAvailable remoteEndPoint: 127.0.0.1:63325 localEndPoint: 127.0.0.1:63324
TpTrace Verbose: 0 : 28420, 12, 2024/10/22, 00:34:39.795, 494198653334, vstest.console.dll, TestRequestSender.OnExecutionMessageReceived: Received message: {"Version":7,"MessageType":"TestSession.Message","Payload":{"MessageLevel":0,"Message":"NUnit Adapter 4.5.0.0: Test execution started"}}
TpTrace Verbose: 0 : 28420, 12, 2024/10/22, 00:34:39.795, 494198655611, vstest.console.dll, TestRunRequest:SendTestRunMessage: Starting.
TpTrace Verbose: 0 : 28420, 12, 2024/10/22, 00:34:39.795, 494198656759, vstest.console.dll, MulticastDelegateUtilities.SafeInvoke: TestRun.LogMessages: Invoking callback 1/1 for Microsoft.VisualStudio.TestPlatform.CommandLine.TestRunResultAggregator., took 0 ms.
TpTrace Verbose: 0 : 28420, 4, 2024/10/22, 00:34:39.796, 494198657212, vstest.console.dll, MulticastDelegateUtilities.SafeInvoke: InternalTestLoggerEvents.SendTestRunMessage: Invoking callback 1/1 for Microsoft.VisualStudio.TestPlatform.CommandLine.Internal.ConsoleLogger., took 0 ms.
TpTrace Information: 0 : 28420, 12, 2024/10/22, 00:34:39.796, 494198657430, vstest.console.dll, TestRunRequest:SendTestRunMessage: Completed.
TpTrace Verbose: 0 : 28420, 12, 2024/10/22, 00:34:39.796, 494198659041, vstest.console.dll, MulticastDelegateUtilities.SafeInvoke: LengthPrefixCommunicationChannel: MessageReceived: Invoking callback 1/1 for Microsoft.VisualStudio.TestPlatform.CommunicationUtilities.TestRequestSender+<>c__DisplayClass34_0., took 0 ms.
TpTrace Verbose: 0 : 28420, 12, 2024/10/22, 00:34:39.796, 494198659629, vstest.console.dll, TcpClientExtensions.MessageLoopAsync: Polling on remoteEndPoint: 127.0.0.1:63325 localEndPoint: 127.0.0.1:63324 after 175 ms
TpTrace Verbose: 0 : 28420, 12, 2024/10/22, 00:34:39.826, 494198958976, vstest.console.dll, TcpClientExtensions.MessageLoopAsync: NotifyDataAvailable remoteEndPoint: 127.0.0.1:63325 localEndPoint: 127.0.0.1:63324
TpTrace Verbose: 0 : 28420, 12, 2024/10/22, 00:34:39.826, 494198960948, vstest.console.dll, TestRequestSender.OnExecutionMessageReceived: Received message: {"Version":7,"MessageType":"TestSession.Message","Payload":{"MessageLevel":0,"Message":"Running all tests in D:\\BidApp\\BidRestAPI\\BidRestApiTests\\bin\\Debug\\net8.0\\fine-code-coverage\\build-output\\BidRestApiTests.dll"}}
TpTrace Verbose: 0 : 28420, 12, 2024/10/22, 00:34:39.826, 494198962715, vstest.console.dll, TestRunRequest:SendTestRunMessage: Starting.
TpTrace Verbose: 0 : 28420, 12, 2024/10/22, 00:34:39.826, 494198963565, vstest.console.dll, MulticastDelegateUtilities.SafeInvoke: TestRun.LogMessages: Invoking callback 1/1 for Microsoft.VisualStudio.TestPlatform.CommandLine.TestRunResultAggregator., took 0 ms.
TpTrace Information: 0 : 28420, 12, 2024/10/22, 00:34:39.826, 494198963976, vstest.console.dll, TestRunRequest:SendTestRunMessage: Completed.
TpTrace Verbose: 0 : 28420, 4, 2024/10/22, 00:34:39.826, 494198964149, vstest.console.dll, MulticastDelegateUtilities.SafeInvoke: InternalTestLoggerEvents.SendTestRunMessage: Invoking callback 1/1 for Microsoft.VisualStudio.TestPlatform.CommandLine.Internal.ConsoleLogger., took 0 ms.
TpTrace Verbose: 0 : 28420, 12, 2024/10/22, 00:34:39.826, 494198964367, vstest.console.dll, MulticastDelegateUtilities.SafeInvoke: LengthPrefixCommunicationChannel: MessageReceived: Invoking callback 1/1 for Microsoft.VisualStudio.TestPlatform.CommunicationUtilities.TestRequestSender+<>c__DisplayClass34_0., took 0 ms.
TpTrace Verbose: 0 : 28420, 12, 2024/10/22, 00:34:39.826, 494198965327, vstest.console.dll, TcpClientExtensions.MessageLoopAsync: Polling on remoteEndPoint: 127.0.0.1:63325 localEndPoint: 127.0.0.1:63324 after 30 ms
TpTrace Verbose: 0 : 28420, 12, 2024/10/22, 00:34:39.943, 494200130955, vstest.console.dll, TcpClientExtensions.MessageLoopAsync: NotifyDataAvailable remoteEndPoint: 127.0.0.1:63325 localEndPoint: 127.0.0.1:63324
TpTrace Verbose: 0 : 28420, 12, 2024/10/22, 00:34:39.943, 494200132849, vstest.console.dll, TestRequestSender.OnExecutionMessageReceived: Received message: {"Version":7,"MessageType":"TestSession.Message","Payload":{"MessageLevel":0,"Message":"   NUnit3TestExecutor discovered 11 of 11 NUnit test cases using Current Discovery mode, Non-Explicit run"}}
TpTrace Verbose: 0 : 28420, 12, 2024/10/22, 00:34:39.943, 494200134343, vstest.console.dll, TestRunRequest:SendTestRunMessage: Starting.
TpTrace Verbose: 0 : 28420, 12, 2024/10/22, 00:34:39.943, 494200135709, vstest.console.dll, MulticastDelegateUtilities.SafeInvoke: TestRun.LogMessages: Invoking callback 1/1 for Microsoft.VisualStudio.TestPlatform.CommandLine.TestRunResultAggregator., took 0 ms.
TpTrace Information: 0 : 28420, 12, 2024/10/22, 00:34:39.943, 494200136076, vstest.console.dll, TestRunRequest:SendTestRunMessage: Completed.
TpTrace Verbose: 0 : 28420, 4, 2024/10/22, 00:34:39.943, 494200136268, vstest.console.dll, MulticastDelegateUtilities.SafeInvoke: InternalTestLoggerEvents.SendTestRunMessage: Invoking callback 1/1 for Microsoft.VisualStudio.TestPlatform.CommandLine.Internal.ConsoleLogger., took 0 ms.
TpTrace Verbose: 0 : 28420, 12, 2024/10/22, 00:34:39.943, 494200136350, vstest.console.dll, MulticastDelegateUtilities.SafeInvoke: LengthPrefixCommunicationChannel: MessageReceived: Invoking callback 1/1 for Microsoft.VisualStudio.TestPlatform.CommunicationUtilities.TestRequestSender+<>c__DisplayClass34_0., took 0 ms.
TpTrace Verbose: 0 : 28420, 12, 2024/10/22, 00:34:39.944, 494200137808, vstest.console.dll, TcpClientExtensions.MessageLoopAsync: Polling on remoteEndPoint: 127.0.0.1:63325 localEndPoint: 127.0.0.1:63324 after 117 ms
TpTrace Verbose: 0 : 28420, 12, 2024/10/22, 00:34:40.179, 494202493766, vstest.console.dll, TcpClientExtensions.MessageLoopAsync: NotifyDataAvailable remoteEndPoint: 127.0.0.1:63325 localEndPoint: 127.0.0.1:63324
TpTrace Verbose: 0 : 28420, 12, 2024/10/22, 00:34:40.180, 494202499099, vstest.console.dll, TestRequestSender.OnExecutionMessageReceived: Received message: {"Version":7,"MessageType":"TestExecution.StatsChange","Payload":{"NewTestResults":[{"TestCase":{"Id":"488b1817-c9a3-fc0c-0774-dc702b7c934e","FullyQualifiedName":"BidRestAPI.Tests.AuthTests.Login_WhenExceptionThrown_ShouldReturnInternalServerError","DisplayName":"Login_WhenExceptionThrown_ShouldReturnInternalServerError","ExecutorUri":"executor://NUnit3TestExecutor","Source":"D:\\BidApp\\BidRestAPI\\BidRestApiTests\\bin\\Debug\\net8.0\\fine-code-coverage\\build-output\\BidRestApiTests.dll","CodeFilePath":null,"LineNumber":0,"Properties":[{"Key":{"Id":"NUnit.Seed","Label":"Seed","Category":"","Description":"","Attributes":0,"ValueType":"System.String"},"Value":"78979332"}]},"Attachments":[],"Outcome":1,"ErrorMessage":null,"ErrorStackTrace":null,"DisplayName":"Login_WhenExceptionThrown_ShouldReturnInternalServerError","Messages":[],"ComputerName":"IRISLT570","Duration":"00:00:00.1328290","StartTime":"2024-10-21T19:04:39.9632411+00:00","EndTime":"2024-10-21T19:04:40.0960238+00:00","Properties":[{"Key":{"Id":"NUnit.Seed","Label":"Seed","Category":"","Description":"","Attributes":0,"ValueType":"System.String"},"Value":"78979332"}]},{"TestCase":{"Id":"019bef9f-8745-2465-d87f-dd049f3840cb","FullyQualifiedName":"BidRestAPI.Tests.AuthTests.Login_WithNullDto_ShouldReturnBadRequest","DisplayName":"Login_WithNullDto_ShouldReturnBadRequest","ExecutorUri":"executor://NUnit3TestExecutor","Source":"D:\\BidApp\\BidRestAPI\\BidRestApiTests\\bin\\Debug\\net8.0\\fine-code-coverage\\build-output\\BidRestApiTests.dll","CodeFilePath":null,"LineNumber":0,"Properties":[{"Key":{"Id":"NUnit.Seed","Label":"Seed","Category":"","Description":"","Attributes":0,"ValueType":"System.String"},"Value":"50254171"}]},"Attachments":[],"Outcome":1,"ErrorMessage":null,"ErrorStackTrace":null,"DisplayName":"Login_WithNullDto_ShouldReturnBadRequest","Messages":[],"ComputerName":"IRISLT570","Duration":"00:00:00.0022120","StartTime":"2024-10-21T19:04:40.0970452+00:00","EndTime":"2024-10-21T19:04:40.0992575+00:00","Properties":[{"Key":{"Id":"NUnit.Seed","Label":"Seed","Category":"","Description":"","Attributes":0,"ValueType":"System.String"},"Value":"50254171"}]},{"TestCase":{"Id":"3582bb7e-c844-3639-32ef-4183e9576391","FullyQualifiedName":"BidRestAPI.Tests.BidControllerTests.PlaceBid_ReturnsBadRequest_WhenModelStateIsInvalid","DisplayName":"PlaceBid_ReturnsBadRequest_WhenModelStateIsInvalid","ExecutorUri":"executor://NUnit3TestExecutor","Source":"D:\\BidApp\\BidRestAPI\\BidRestApiTests\\bin\\Debug\\net8.0\\fine-code-coverage\\build-output\\BidRestApiTests.dll","CodeFilePath":null,"LineNumber":0,"Properties":[{"Key":{"Id":"NUnit.Seed","Label":"Seed","Category":"","Description":"","Attributes":0,"ValueType":"System.String"},"Value":"769705249"}]},"Attachments":[],"Outcome":1,"ErrorMessage":null,"ErrorStackTrace":null,"DisplayName":"PlaceBid_ReturnsBadRequest_WhenModelStateIsInvalid","Messages":[],"ComputerName":"IRISLT570","Duration":"00:00:00.0101420","StartTime":"2024-10-21T19:04:40.1008809+00:00","EndTime":"2024-10-21T19:04:40.1110229+00:00","Properties":[{"Key":{"Id":"NUnit.Seed","Label":"Seed","Category":"","Description":"","Attributes":0,"ValueType":"System.String"},"Value":"769705249"}]},{"TestCase":{"Id":"b98de495-2584-9f20-4b6e-cf2f09e2adfa","FullyQualifiedName":"BidRestAPI.Tests.BidControllerTests.PlaceBid_ReturnsBadRequest_WhenUserDoesNotExist","DisplayName":"PlaceBid_ReturnsBadRequest_WhenUserDoesNotExist","ExecutorUri":"executor://NUnit3TestExecutor","Source":"D:\\BidApp\\BidRestAPI\\BidRestApiTests\\bin\\Debug\\net8.0\\fine-code-coverage\\build-output\\BidRestApiTests.dll","CodeFilePath":null,"LineNumber":0,"Properties":[{"Key":{"Id":"NUnit.Seed","Label":"Seed","Category":"","Description":"","Attributes":0,"ValueType":"System.String"},"Value":"1236647581"}]},"Attachments":[],"Outcome":1,"ErrorMessage":null,"ErrorStackTrace":null,"DisplayName":"PlaceBid_ReturnsBadRequest_WhenUserDoesNotExist","Messages":[],"ComputerName":"IRISLT570","Duration":"00:00:00.0041420","StartTime":"2024-10-21T19:04:40.1110438+00:00","EndTime":"2024-10-21T19:04:40.115185+00:00","Properties":[{"Key":{"Id":"NUnit.Seed","Label":"Seed","Category":"","Description":"","Attributes":0,"ValueType":"System.String"},"Value":"1236647581"}]},{"TestCase":{"Id":"c647056a-0936-50d7-e95c-5a74533ac949","FullyQualifiedName":"BidRestAPI.Tests.BidControllerTests.PlaceBid_ReturnsBadRequest_WhenUserIdIsEmpty","DisplayName":"PlaceBid_ReturnsBadRequest_WhenUserIdIsEmpty","ExecutorUri":"executor://NUnit3TestExecutor","Source":"D:\\BidApp\\BidRestAPI\\BidRestApiTests\\bin\\Debug\\net8.0\\fine-code-coverage\\build-output\\BidRestApiTests.dll","CodeFilePath":null,"LineNumber":0,"Properties":[{"Key":{"Id":"NUnit.Seed","Label":"Seed","Category":"","Description":"","Attributes":0,"ValueType":"System.String"},"Value":"1416311787"}]},"Attachments":[],"Outcome":1,"ErrorMessage":null,"ErrorStackTrace":null,"DisplayName":"PlaceBid_ReturnsBadRequest_WhenUserIdIsEmpty","Messages":[],"ComputerName":"IRISLT570","Duration":"00:00:00.0005030","StartTime":"2024-10-21T19:04:40.1152064+00:00","EndTime":"2024-10-21T19:04:40.1157089+00:00","Properties":[{"Key":{"Id":"NUnit.Seed","Label":"Seed","Category":"","Description":"","Attributes":0,"ValueType":"System.String"},"Value":"1416311787"}]},{"TestCase":{"Id":"0064d54b-df76-def9-2003-7766b435df50","FullyQualifiedName":"BidRestAPI.Tests.BidControllerTests.PlaceBid_ReturnsOk_WhenBidIsPlacedSuccessfully","DisplayName":"PlaceBid_ReturnsOk_WhenBidIsPlacedSuccessfully","ExecutorUri":"executor://NUnit3TestExecutor","Source":"D:\\BidApp\\BidRestAPI\\BidRestApiTests\\bin\\Debug\\net8.0\\fine-code-coverage\\build-output\\BidRestApiTests.dll","CodeFilePath":null,"LineNumber":0,"Properties":[{"Key":{"Id":"NUnit.Seed","Label":"Seed","Category":"","Description":"","Attributes":0,"ValueType":"System.String"},"Value":"604322707"}]},"Attachments":[],"Outcome":1,"ErrorMessage":null,"ErrorStackTrace":null,"DisplayName":"PlaceBid_ReturnsOk_WhenBidIsPlacedSuccessfully","Messages":[],"ComputerName":"IRISLT570","Duration":"00:00:00.0039400","StartTime":"2024-10-21T19:04:40.1157219+00:00","EndTime":"2024-10-21T19:04:40.1196617+00:00","Properties":[{"Key":{"Id":"NUnit.Seed","Label":"Seed","Category":"","Description":"","Attributes":0,"ValueType":"System.String"},"Value":"604322707"}]},{"TestCase":{"Id":"121f3d52-5e04-7130-9084-7a2d91eda81d","FullyQualifiedName":"BidRestApiTests.BidRestAPI.Tests.AuctionControllerTests.CreateAuction_WithInvalidModel_ShouldReturnBadRequest","DisplayName":"CreateAuction_WithInvalidModel_ShouldReturnBadRequest","ExecutorUri":"executor://NUnit3TestExecutor","Source":"D:\\BidApp\\BidRestAPI\\BidRestApiTests\\bin\\Debug\\net8.0\\fine-code-coverage\\build-output\\BidRestApiTests.dll","CodeFilePath":null,"LineNumber":0,"Properties":[{"Key":{"Id":"NUnit.Seed","Label":"Seed","Category":"","Description":"","Attributes":0,"ValueType":"System.String"},"Value":"1770490488"}]},"Attachments":[],"Outcome":1,"ErrorMessage":null,"ErrorStackTrace":null,"DisplayName":"CreateAuction_WithInvalidModel_ShouldReturnBadRequest","Messages":[],"ComputerName":"IRISLT570","Duration":"00:00:00.0040620","StartTime":"2024-10-21T19:04:40.1198075+00:00","EndTime":"2024-10-21T19:04:40.1238687+00:00","Properties":[{"Key":{"Id":"NUnit.Seed","Label":"Seed","Category":"","Description":"","Attributes":0,"ValueType":"System.String"},"Value":"1770490488"}]},{"TestCase":{"Id":"e47c2bc8-4004-03ee-8804-fdc19e0c3075","FullyQualifiedName":"BidRestApiTests.BidRestAPI.Tests.AuctionControllerTests.CreateAuction_WithValidData_ShouldReturnCreatedResult","DisplayName":"CreateAuction_WithValidData_ShouldReturnCreatedResult","ExecutorUri":"executor://NUnit3TestExecutor","Source":"D:\\BidApp\\BidRestAPI\\BidRestApiTests\\bin\\Debug\\net8.0\\fine-code-coverage\\build-output\\BidRestApiTests.dll","CodeFilePath":null,"LineNumber":0,"Properties":[{"Key":{"Id":"NUnit.Seed","Label":"Seed","Category":"","Description":"","Attributes":0,"ValueType":"System.String"},"Value":"1443713247"}]},"Attachments":[],"Outcome":1,"ErrorMessage":null,"ErrorStackTrace":null,"DisplayName":"CreateAuction_WithValidData_ShouldReturnCreatedResult","Messages":[],"ComputerName":"IRISLT570","Duration":"00:00:00.0078530","StartTime":"2024-10-21T19:04:40.1238926+00:00","EndTime":"2024-10-21T19:04:40.1317456+00:00","Properties":[{"Key":{"Id":"NUnit.Seed","Label":"Seed","Category":"","Description":"","Attributes":0,"ValueType":"System.String"},"Value":"1443713247"}]},{"TestCase":{"Id":"6b0b956f-288f-7b06-19e7-a1465fd75512","FullyQualifiedName":"BidRestApiTests.BidRestAPI.Tests.AuctionControllerTests.DeleteAuction_WithValidId_ShouldReturnOk","DisplayName":"DeleteAuction_WithValidId_ShouldReturnOk","ExecutorUri":"executor://NUnit3TestExecutor","Source":"D:\\BidApp\\BidRestAPI\\BidRestApiTests\\bin\\Debug\\net8.0\\fine-code-coverage\\build-output\\BidRestApiTests.dll","CodeFilePath":null,"LineNumber":0,"Properties":[{"Key":{"Id":"NUnit.Seed","Label":"Seed","Category":"","Description":"","Attributes":0,"ValueType":"System.String"},"Value":"1136062808"}]},"Attachments":[],"Outcome":1,"ErrorMessage":null,"ErrorStackTrace":null,"DisplayName":"DeleteAuction_WithValidId_ShouldReturnOk","Messages":[],"ComputerName":"IRISLT570","Duration":"00:00:00.0247540","StartTime":"2024-10-21T19:04:40.1317687+00:00","EndTime":"2024-10-21T19:04:40.1565216+00:00","Properties":[{"Key":{"Id":"NUnit.Seed","Label":"Seed","Category":"","Description":"","Attributes":0,"ValueType":"System.String"},"Value":"1136062808"}]}],"TestRunStatistics":{"ExecutedTests":9,"Stats":{"Passed":9}},"ActiveTests":[{"Id":"5b165d19-c164-7c1b-4ae0-d45348299c52","FullyQualifiedName":"BidRestApiTests.BidRestAPI.Tests.AuctionControllerTests.GetAuctions_ShouldReturnOkResultWithAuctions","DisplayName":"GetAuctions_ShouldReturnOkResultWithAuctions","ExecutorUri":"executor://NUnit3TestExecutor","Source":"D:\\BidApp\\BidRestAPI\\BidRestApiTests\\bin\\Debug\\net8.0\\fine-code-coverage\\build-output\\BidRestApiTests.dll","CodeFilePath":null,"LineNumber":0,"Properties":[{"Key":{"Id":"NUnit.Seed","Label":"Seed","Category":"","Description":"","Attributes":0,"ValueType":"System.String"},"Value":"354234653"}]}]}}
TpTrace Verbose: 0 : 28420, 12, 2024/10/22, 00:34:40.203, 494202730280, vstest.console.dll, TestRunRequest:SendTestRunStatsChange: Starting.
TpTrace Verbose: 0 : 28420, 12, 2024/10/22, 00:34:40.203, 494202731940, vstest.console.dll, InProgress is GetAuctions_ShouldReturnOkResultWithAuctions
TpTrace Verbose: 0 : 28420, 12, 2024/10/22, 00:34:40.203, 494202733693, vstest.console.dll, MulticastDelegateUtilities.SafeInvoke: TestRun.RunStatsChanged: Invoking callbacks was skipped because there are no subscribers.
TpTrace Information: 0 : 28420, 12, 2024/10/22, 00:34:40.203, 494202734103, vstest.console.dll, TestRunRequest:SendTestRunStatsChange: Completed.
TpTrace Verbose: 0 : 28420, 12, 2024/10/22, 00:34:40.203, 494202734421, vstest.console.dll, MulticastDelegateUtilities.SafeInvoke: LengthPrefixCommunicationChannel: MessageReceived: Invoking callback 1/1 for Microsoft.VisualStudio.TestPlatform.CommunicationUtilities.TestRequestSender+<>c__DisplayClass34_0., took 23 ms.
TpTrace Verbose: 0 : 28420, 12, 2024/10/22, 00:34:40.203, 494202734746, vstest.console.dll, TcpClientExtensions.MessageLoopAsync: Polling on remoteEndPoint: 127.0.0.1:63325 localEndPoint: 127.0.0.1:63324 after 259 ms
TpTrace Verbose: 0 : 28420, 12, 2024/10/22, 00:34:40.203, 494202735247, vstest.console.dll, TcpClientExtensions.MessageLoopAsync: NotifyDataAvailable remoteEndPoint: 127.0.0.1:63325 localEndPoint: 127.0.0.1:63324
TpTrace Verbose: 0 : 28420, 12, 2024/10/22, 00:34:40.203, 494202735907, vstest.console.dll, TestRequestSender.OnExecutionMessageReceived: Received message: {"Version":7,"MessageType":"TestSession.Message","Payload":{"MessageLevel":0,"Message":"NUnit Adapter 4.5.0.0: Test execution complete"}}
TpTrace Verbose: 0 : 28420, 12, 2024/10/22, 00:34:40.203, 494202736728, vstest.console.dll, TestRunRequest:SendTestRunMessage: Starting.
TpTrace Verbose: 0 : 28420, 12, 2024/10/22, 00:34:40.204, 494202737091, vstest.console.dll, MulticastDelegateUtilities.SafeInvoke: TestRun.LogMessages: Invoking callback 1/1 for Microsoft.VisualStudio.TestPlatform.CommandLine.TestRunResultAggregator., took 0 ms.
TpTrace Information: 0 : 28420, 12, 2024/10/22, 00:34:40.204, 494202737418, vstest.console.dll, TestRunRequest:SendTestRunMessage: Completed.
TpTrace Verbose: 0 : 28420, 12, 2024/10/22, 00:34:40.204, 494202737710, vstest.console.dll, MulticastDelegateUtilities.SafeInvoke: LengthPrefixCommunicationChannel: MessageReceived: Invoking callback 1/1 for Microsoft.VisualStudio.TestPlatform.CommunicationUtilities.TestRequestSender+<>c__DisplayClass34_0., took 0 ms.
TpTrace Verbose: 0 : 28420, 12, 2024/10/22, 00:34:40.204, 494202738161, vstest.console.dll, TcpClientExtensions.MessageLoopAsync: Polling on remoteEndPoint: 127.0.0.1:63325 localEndPoint: 127.0.0.1:63324 after 0 ms
TpTrace Verbose: 0 : 28420, 4, 2024/10/22, 00:34:40.205, 494202753042, vstest.console.dll, MulticastDelegateUtilities.SafeInvoke: InternalTestLoggerEvents.SendTestResult: Invoking callback 1/1 for Microsoft.VisualStudio.TestPlatform.CommandLine.Internal.ConsoleLogger., took 1 ms.
TpTrace Verbose: 0 : 28420, 4, 2024/10/22, 00:34:40.205, 494202755987, vstest.console.dll, MulticastDelegateUtilities.SafeInvoke: InternalTestLoggerEvents.SendTestResult: Invoking callback 1/1 for Microsoft.VisualStudio.TestPlatform.CommandLine.Internal.ConsoleLogger., took 0 ms.
TpTrace Verbose: 0 : 28420, 4, 2024/10/22, 00:34:40.205, 494202756721, vstest.console.dll, MulticastDelegateUtilities.SafeInvoke: InternalTestLoggerEvents.SendTestResult: Invoking callback 1/1 for Microsoft.VisualStudio.TestPlatform.CommandLine.Internal.ConsoleLogger., took 0 ms.
TpTrace Verbose: 0 : 28420, 4, 2024/10/22, 00:34:40.206, 494202757054, vstest.console.dll, MulticastDelegateUtilities.SafeInvoke: InternalTestLoggerEvents.SendTestResult: Invoking callback 1/1 for Microsoft.VisualStudio.TestPlatform.CommandLine.Internal.ConsoleLogger., took 0 ms.
TpTrace Verbose: 0 : 28420, 4, 2024/10/22, 00:34:40.206, 494202757360, vstest.console.dll, MulticastDelegateUtilities.SafeInvoke: InternalTestLoggerEvents.SendTestResult: Invoking callback 1/1 for Microsoft.VisualStudio.TestPlatform.CommandLine.Internal.ConsoleLogger., took 0 ms.
TpTrace Verbose: 0 : 28420, 4, 2024/10/22, 00:34:40.206, 494202757743, vstest.console.dll, MulticastDelegateUtilities.SafeInvoke: InternalTestLoggerEvents.SendTestResult: Invoking callback 1/1 for Microsoft.VisualStudio.TestPlatform.CommandLine.Internal.ConsoleLogger., took 0 ms.
TpTrace Verbose: 0 : 28420, 4, 2024/10/22, 00:34:40.206, 494202758105, vstest.console.dll, MulticastDelegateUtilities.SafeInvoke: InternalTestLoggerEvents.SendTestResult: Invoking callback 1/1 for Microsoft.VisualStudio.TestPlatform.CommandLine.Internal.ConsoleLogger., took 0 ms.
TpTrace Verbose: 0 : 28420, 4, 2024/10/22, 00:34:40.206, 494202758675, vstest.console.dll, MulticastDelegateUtilities.SafeInvoke: InternalTestLoggerEvents.SendTestResult: Invoking callback 1/1 for Microsoft.VisualStudio.TestPlatform.CommandLine.Internal.ConsoleLogger., took 0 ms.
TpTrace Verbose: 0 : 28420, 4, 2024/10/22, 00:34:40.206, 494202759014, vstest.console.dll, MulticastDelegateUtilities.SafeInvoke: InternalTestLoggerEvents.SendTestResult: Invoking callback 1/1 for Microsoft.VisualStudio.TestPlatform.CommandLine.Internal.ConsoleLogger., took 0 ms.
TpTrace Verbose: 0 : 28420, 4, 2024/10/22, 00:34:40.206, 494202759373, vstest.console.dll, MulticastDelegateUtilities.SafeInvoke: InternalTestLoggerEvents.SendTestRunMessage: Invoking callback 1/1 for Microsoft.VisualStudio.TestPlatform.CommandLine.Internal.ConsoleLogger., took 0 ms.
TpTrace Verbose: 0 : 28420, 12, 2024/10/22, 00:34:40.206, 494202764251, vstest.console.dll, TcpClientExtensions.MessageLoopAsync: NotifyDataAvailable remoteEndPoint: 127.0.0.1:63325 localEndPoint: 127.0.0.1:63324
TpTrace Verbose: 0 : 28420, 12, 2024/10/22, 00:34:40.206, 494202765826, vstest.console.dll, TestRequestSender.OnExecutionMessageReceived: Received message: {"Version":7,"MessageType":"TestExecution.Completed","Payload":{"TestRunCompleteArgs":{"TestRunStatistics":{"ExecutedTests":11,"Stats":{"Passed":11}},"IsCanceled":false,"IsAborted":false,"Error":null,"AttachmentSets":[],"InvokedDataCollectors":[],"ElapsedTimeInRunningTests":"00:00:00.4327806","Metrics":{},"DiscoveredExtensions":{"TestDiscoverers":["NUnit.VisualStudio.TestAdapter.NUnit3TestDiscoverer, NUnit3.TestAdapter, Version=4.5.0.0, Culture=neutral, PublicKeyToken=4cb40d35494691ac"],"TestExecutors":["executor://NUnit3TestExecutor"],"TestExecutors2":[],"TestSettingsProviders":[]}},"LastRunTests":{"NewTestResults":[{"TestCase":{"Id":"5b165d19-c164-7c1b-4ae0-d45348299c52","FullyQualifiedName":"BidRestApiTests.BidRestAPI.Tests.AuctionControllerTests.GetAuctions_ShouldReturnOkResultWithAuctions","DisplayName":"GetAuctions_ShouldReturnOkResultWithAuctions","ExecutorUri":"executor://NUnit3TestExecutor","Source":"D:\\BidApp\\BidRestAPI\\BidRestApiTests\\bin\\Debug\\net8.0\\fine-code-coverage\\build-output\\BidRestApiTests.dll","CodeFilePath":null,"LineNumber":0,"Properties":[{"Key":{"Id":"NUnit.Seed","Label":"Seed","Category":"","Description":"","Attributes":0,"ValueType":"System.String"},"Value":"354234653"}]},"Attachments":[],"Outcome":1,"ErrorMessage":null,"ErrorStackTrace":null,"DisplayName":"GetAuctions_ShouldReturnOkResultWithAuctions","Messages":[],"ComputerName":"IRISLT570","Duration":"00:00:00.0016370","StartTime":"2024-10-21T19:04:40.1565555+00:00","EndTime":"2024-10-21T19:04:40.1581925+00:00","Properties":[{"Key":{"Id":"NUnit.Seed","Label":"Seed","Category":"","Description":"","Attributes":0,"ValueType":"System.String"},"Value":"354234653"}]},{"TestCase":{"Id":"e3377051-0843-b013-ceef-0701e0d9c508","FullyQualifiedName":"BidRestApiTests.BidRestAPI.Tests.AuctionControllerTests.GetAuctions_WhenExceptionThrown_ShouldReturnInternalServerError","DisplayName":"GetAuctions_WhenExceptionThrown_ShouldReturnInternalServerError","ExecutorUri":"executor://NUnit3TestExecutor","Source":"D:\\BidApp\\BidRestAPI\\BidRestApiTests\\bin\\Debug\\net8.0\\fine-code-coverage\\build-output\\BidRestApiTests.dll","CodeFilePath":null,"LineNumber":0,"Properties":[{"Key":{"Id":"NUnit.Seed","Label":"Seed","Category":"","Description":"","Attributes":0,"ValueType":"System.String"},"Value":"1191406993"}]},"Attachments":[],"Outcome":1,"ErrorMessage":null,"ErrorStackTrace":null,"DisplayName":"GetAuctions_WhenExceptionThrown_ShouldReturnInternalServerError","Messages":[],"ComputerName":"IRISLT570","Duration":"00:00:00.0008070","StartTime":"2024-10-21T19:04:40.1582139+00:00","EndTime":"2024-10-21T19:04:40.1590203+00:00","Properties":[{"Key":{"Id":"NUnit.Seed","Label":"Seed","Category":"","Description":"","Attributes":0,"ValueType":"System.String"},"Value":"1191406993"}]}],"TestRunStatistics":{"ExecutedTests":11,"Stats":{"Passed":11}},"ActiveTests":[]},"RunAttachments":[],"ExecutorUris":["executor://nunit3testexecutor/"]}}
TpTrace Verbose: 0 : 28420, 12, 2024/10/22, 00:34:40.206, 494202766629, vstest.console.dll, TestRequestSender.EndSession: Sending end session.
TpTrace Verbose: 0 : 28420, 12, 2024/10/22, 00:34:40.207, 494202768174, vstest.console.dll, ProxyOperationManager.Close: waiting for test host to exit for 100 ms
TpTrace Verbose: 0 : 28420, 11, 2024/10/22, 00:34:40.221, 494202916945, vstest.console.dll, TestHostManagerCallbacks.StandardOutputReceivedCallback Test host standard output line: 
TpTrace Warning: 0 : 28420, 7, 2024/10/22, 00:34:40.221, 494202916967, vstest.console.dll, TestHostManagerCallbacks.ErrorReceivedCallback Test host standard error line: 
TpTrace Verbose: 0 : 28420, 7, 2024/10/22, 00:34:40.234, 494203045214, vstest.console.dll, TestHostProvider.ExitCallBack: Host exited starting callback.
TpTrace Information: 0 : 28420, 7, 2024/10/22, 00:34:40.234, 494203046791, vstest.console.dll, TestHostManagerCallbacks.ExitCallBack: Testhost processId: 3936 exited with exitcode: 0 error: ''
TpTrace Verbose: 0 : 28420, 7, 2024/10/22, 00:34:40.235, 494203047151, vstest.console.dll, DotnetTestHostManager.OnHostExited: invoking OnHostExited callback
TpTrace Verbose: 0 : 28420, 7, 2024/10/22, 00:34:40.235, 494203047649, vstest.console.dll, CrossPlatEngine.TestHostManagerHostExited: calling on client process exit callback.
TpTrace Information: 0 : 28420, 7, 2024/10/22, 00:34:40.235, 494203048164, vstest.console.dll, TestRequestSender.OnClientProcessExit: Test host process exited. Standard error: 
TpTrace Information: 0 : 28420, 7, 2024/10/22, 00:34:40.235, 494203048602, vstest.console.dll, SocketServer.Stop: Stop server endPoint: 127.0.0.1:63324
TpTrace Information: 0 : 28420, 12, 2024/10/22, 00:34:40.235, 494203048591, vstest.console.dll, SocketServer.Stop: Stop server endPoint: 127.0.0.1:63324
TpTrace Information: 0 : 28420, 7, 2024/10/22, 00:34:40.235, 494203048905, vstest.console.dll, SocketServer.Stop: Cancellation requested. Stopping message loop.
TpTrace Information: 0 : 28420, 12, 2024/10/22, 00:34:40.235, 494203049652, vstest.console.dll, SocketServer.Stop: Cancellation requested. Stopping message loop.
TpTrace Information: 0 : 28420, 12, 2024/10/22, 00:34:40.235, 494203050510, vstest.console.dll, Closing the connection
TpTrace Verbose: 0 : 28420, 7, 2024/10/22, 00:34:40.235, 494203050794, vstest.console.dll, MulticastDelegateUtilities.SafeInvoke: HostProviderEvents.OnHostExited: Invoking callback 1/1 for Microsoft.VisualStudio.TestPlatform.CrossPlatEngine.Client.ProxyOperationManager., took 0 ms.
TpTrace Verbose: 0 : 28420, 12, 2024/10/22, 00:34:40.235, 494203052414, vstest.console.dll, ProxyDataCollectionManager.InvokeDataCollectionServiceAction: Starting.
TpTrace Information: 0 : 28420, 12, 2024/10/22, 00:34:40.235, 494203052789, vstest.console.dll, ProxyDataCollectionManager.AfterTestRunEnd: Get attachment set and invoked data collectors processId: 22976 port: 63321
TpTrace Verbose: 0 : 28420, 12, 2024/10/22, 00:34:40.235, 494203053182, vstest.console.dll, DataCollectionRequestSender.SendAfterTestRunStartAndGetResult: Send AfterTestRunEnd message with isCancelled: False
TpTrace Verbose: 0 : 28420, 12, 2024/10/22, 00:34:40.241, 494203109225, vstest.console.dll, DataCollectionRequestSender.SendAfterTestRunStartAndGetResult: Received message: (DataCollection.AfterTestRunEndResult) -> {"MessageType":"DataCollection.AfterTestRunEndResult","Payload":{"AttachmentSets":[],"InvokedDataCollectors":[{"Uri":"datacollector://Microsoft/TestPlatform/Extensions/Blame/v1","FriendlyName":"Blame","AssemblyQualifiedName":"Microsoft.TestPlatform.Extensions.BlameDataCollector.BlameCollector, Microsoft.TestPlatform.Extensions.BlameDataCollector, Version=15.0.0.0, Culture=neutral, PublicKeyToken=b03f5f7f11d50a3a","FilePath":"C:\\Program Files\\dotnet\\sdk\\8.0.400\\Extensions\\Microsoft.TestPlatform.Extensions.BlameDataCollector.dll","HasAttachmentProcessor":false}],"Metrics":{}}}
TpTrace Warning: 0 : 28420, 10, 2024/10/22, 00:34:40.246, 494203164814, vstest.console.dll, DataCollectionLauncher.ErrorReceivedCallback datacollector standard error line: 
TpTrace Information: 0 : 28420, 12, 2024/10/22, 00:34:40.247, 494203169019, vstest.console.dll, ProxyDataCollectionManager.InvokeDataCollectionServiceAction: Completed.
TpTrace Information: 0 : 28420, 10, 2024/10/22, 00:34:40.254, 494203238361, vstest.console.dll, DataCollectionLauncher.ExitCallBack: Data collector exited with exitcode: 0 error: ''
TpTrace Verbose: 0 : 28420, 12, 2024/10/22, 00:34:40.279, 494203495165, vstest.console.dll, TestRunRequest:SendTestRunStatsChange: Starting.
TpTrace Verbose: 0 : 28420, 12, 2024/10/22, 00:34:40.279, 494203496736, vstest.console.dll, MulticastDelegateUtilities.SafeInvoke: TestRun.RunStatsChanged: Invoking callbacks was skipped because there are no subscribers.
TpTrace Information: 0 : 28420, 12, 2024/10/22, 00:34:40.280, 494203497106, vstest.console.dll, TestRunRequest:SendTestRunStatsChange: Completed.
TpTrace Verbose: 0 : 28420, 4, 2024/10/22, 00:34:40.280, 494203498268, vstest.console.dll, MulticastDelegateUtilities.SafeInvoke: InternalTestLoggerEvents.SendTestResult: Invoking callback 1/1 for Microsoft.VisualStudio.TestPlatform.CommandLine.Internal.ConsoleLogger., took 0 ms.
TpTrace Verbose: 0 : 28420, 4, 2024/10/22, 00:34:40.280, 494203499550, vstest.console.dll, MulticastDelegateUtilities.SafeInvoke: InternalTestLoggerEvents.SendTestResult: Invoking callback 1/1 for Microsoft.VisualStudio.TestPlatform.CommandLine.Internal.ConsoleLogger., took 0 ms.
TpTrace Verbose: 0 : 28420, 12, 2024/10/22, 00:34:40.280, 494203499606, vstest.console.dll, ParallelProxyExecutionManager: HandlePartialRunComplete: Total workloads = 1, Total started clients = 1 Total completed clients = 1, Run complete = True, Run canceled: False.
TpTrace Verbose: 0 : 28420, 12, 2024/10/22, 00:34:40.280, 494203500769, vstest.console.dll, ParallelProxyExecutionManager: HandlePartialRunComplete: All runs completed stopping all managers.
TpTrace Verbose: 0 : 28420, 12, 2024/10/22, 00:34:40.280, 494203501126, vstest.console.dll, ParallelOperationManager.StopAllManagers: Stopping all managers.
TpTrace Verbose: 0 : 28420, 12, 2024/10/22, 00:34:40.280, 494203501409, vstest.console.dll, ParallelOperationManager.ClearSlots: Clearing all slots. Slots should accept more work: False
TpTrace Verbose: 0 : 28420, 12, 2024/10/22, 00:34:40.280, 494203501847, vstest.console.dll, ParallelOperationManager.SetOccupiedSlotCount: Setting slot counts AvailableSlotCount = 1, OccupiedSlotCount = 0.
TpTrace Verbose: 0 : 28420, 12, 2024/10/22, 00:34:40.280, 494203502286, vstest.console.dll, Occupied slots:

TpTrace Verbose: 0 : 28420, 4, 2024/10/22, 00:34:40.286, 494203564170, vstest.console.dll, MulticastDelegateUtilities.SafeInvoke: InternalTestLoggerEvents.SendTestRunComplete: Invoking callback 1/2 for Microsoft.TestPlatform.Extensions.BlameDataCollector.BlameLogger., took 0 ms.
TpTrace Verbose: 0 : 28420, 4, 2024/10/22, 00:34:40.291, 494203613567, vstest.console.dll, MulticastDelegateUtilities.SafeInvoke: InternalTestLoggerEvents.SendTestRunComplete: Invoking callback 2/2 for Microsoft.VisualStudio.TestPlatform.CommandLine.Internal.ConsoleLogger., took 4 ms.
TpTrace Verbose: 0 : 28420, 12, 2024/10/22, 00:34:40.291, 494203616819, vstest.console.dll, TestRunRequest:TestRunComplete: Starting. IsAborted:False IsCanceled:False.
TpTrace Verbose: 0 : 28420, 12, 2024/10/22, 00:34:40.292, 494203618596, vstest.console.dll, ParallelOperationManager.DoActionOnAllManagers: Calling an action on all managers.
TpTrace Verbose: 0 : 28420, 12, 2024/10/22, 00:34:40.293, 494203627356, vstest.console.dll, TestLoggerManager.HandleTestRunComplete: Ignoring as the object is disposed.
TpTrace Verbose: 0 : 28420, 12, 2024/10/22, 00:34:40.293, 494203629879, vstest.console.dll, MulticastDelegateUtilities.SafeInvoke: TestRun.TestRunComplete: Invoking callback 1/2 for Microsoft.VisualStudio.TestPlatform.CommandLine.TestRunResultAggregator., took 0 ms.
TpTrace Verbose: 0 : 28420, 12, 2024/10/22, 00:34:40.293, 494203631056, vstest.console.dll, MulticastDelegateUtilities.SafeInvoke: TestRun.TestRunComplete: Invoking callback 2/2 for Microsoft.VisualStudio.TestPlatform.CommandLine.Processors.RunTestsArgumentExecutor+TestRunRequestEventsRegistrar., took 0 ms.
TpTrace Information: 0 : 28420, 12, 2024/10/22, 00:34:40.293, 494203632117, vstest.console.dll, TestRunRequest:TestRunComplete: Completed.
TpTrace Verbose: 0 : 28420, 12, 2024/10/22, 00:34:40.293, 494203632601, vstest.console.dll, TestRequestSender.SetOperationComplete: Setting operation complete.
TpTrace Verbose: 0 : 28420, 1, 2024/10/22, 00:34:40.293, 494203632745, vstest.console.dll, TestRunRequest.Dispose: Starting.
TpTrace Information: 0 : 28420, 12, 2024/10/22, 00:34:40.293, 494203633344, vstest.console.dll, SocketServer.Stop: Stop server endPoint: 127.0.0.1:63324
TpTrace Information: 0 : 28420, 1, 2024/10/22, 00:34:40.293, 494203633993, vstest.console.dll, TestRunRequest.Dispose: Completed.
TpTrace Information: 0 : 28420, 12, 2024/10/22, 00:34:40.293, 494203634557, vstest.console.dll, SocketServer.Stop: Cancellation requested. Stopping message loop.
TpTrace Information: 0 : 28420, 1, 2024/10/22, 00:34:40.293, 494203635437, vstest.console.dll, TestRequestManager.RunTests: run tests completed.
TpTrace Verbose: 0 : 28420, 12, 2024/10/22, 00:34:40.293, 494203635631, vstest.console.dll, MulticastDelegateUtilities.SafeInvoke: LengthPrefixCommunicationChannel: MessageReceived: Invoking callback 1/1 for Microsoft.VisualStudio.TestPlatform.CommunicationUtilities.TestRequestSender+<>c__DisplayClass34_0., took 86 ms.
TpTrace Information: 0 : 28420, 12, 2024/10/22, 00:34:40.293, 494203636259, vstest.console.dll, SocketServer.PrivateStop: Stopping server endPoint: 127.0.0.1:63324 error: 
TpTrace Information: 0 : 28420, 1, 2024/10/22, 00:34:40.293, 494203636855, vstest.console.dll, RunTestsArgumentProcessor:Execute: Test run is completed.
TpTrace Verbose: 0 : 28420, 1, 2024/10/22, 00:34:40.294, 494203639960, vstest.console.dll, Executor.Execute: Exiting with exit code of 0
TpTrace Verbose: 0 : 28420, 12, 2024/10/22, 00:34:40.294, 494203642345, vstest.console.dll, LengthPrefixCommunicationChannel.Dispose: Dispose reader and writer.
TpTrace Information: 0 : 28420, 12, 2024/10/22, 00:34:40.294, 494203643310, vstest.console.dll, SocketServer.Stop: Raise disconnected event endPoint: 127.0.0.1:63324 error: 
TpTrace Verbose: 0 : 28420, 12, 2024/10/22, 00:34:40.294, 494203644152, vstest.console.dll, TestRequestSender: OnTestRunAbort: Operation is already complete. Skip error message.
TpTrace Verbose: 0 : 28420, 12, 2024/10/22, 00:34:40.294, 494203644503, vstest.console.dll, MulticastDelegateUtilities.SafeInvoke: SocketServer: ClientDisconnected: Invoking callback 1/1 for Microsoft.VisualStudio.TestPlatform.CommunicationUtilities.TestRequestSender., took 0 ms.
TpTrace Verbose: 0 : 28420, 12, 2024/10/22, 00:34:40.294, 494203644784, vstest.console.dll, TcpClientExtensions.MessageLoopAsync: exiting MessageLoopAsync remoteEndPoint: 127.0.0.1:63325 localEndPoint: 127.0.0.1:63324
